<?xml version="1.0" encoding="UTF-8"?>
<testsuite xmlns:xsi="http://www.w3.org/2001/XMLSchema-instance" xsi:noNamespaceSchemaLocation="https://maven.apache.org/surefire/maven-surefire-plugin/xsd/surefire-test-report-3.0.xsd" version="3.0" name="runner.TestRunner" time="161.922" tests="10" errors="0" skipped="0" failures="0">
  <properties>
[...]
</properties>
  <testcase name="Search new home for buy in Hicksville, NY" classname="Buy Functionality" time="25.038">
    <system-out><![CDATA[
Scenario: Search new home for buy in Hicksville, NY                              &amp#27;[90m# src/test/resources/Features/buy.feature:4&amp#27;[0m
20:12:47.342 [main] &amp#27;[0mINFO  step_definitions.LoginSteps - launch the browser&amp#27;[m
  &amp#27;[32mGiven &amp#27;[0m&amp#27;[32muser is in the realtor home page for searching home for buy&amp#27;[0m              &amp#27;[90m# step_definitions.BuySteps.navigateToHomePageForBuy()&amp#27;[0m
  &amp#27;[32mAnd &amp#27;[0m&amp#27;[32muser navigate to buy page&amp#27;[0m                                                  &amp#27;[90m# step_definitions.BuySteps.navigateToBuyPage()&amp#27;[0m
  &amp#27;[32mWhen &amp#27;[0m&amp#27;[32muser type address "&amp#27;[0m&amp#27;[32m&amp#27;[1mHicksville,NY&amp#27;[0m&amp#27;[32m" inside search box and click search icon&amp#27;[0m &amp#27;[90m# step_definitions.BuySteps.typeSearchBoxAndClickSearchTab(java.lang.String)&amp#27;[0m
  &amp#27;[32mThen &amp#27;[0m&amp#27;[32muser can see all  home for buy in Hicksville, NY&amp#27;[0m                          &amp#27;[90m# step_definitions.BuySteps.userIsNavigatedToNewConstructionBuyHomePage()&amp#27;[0m
20:13:03.686 [main] &amp#27;[0mINFO  step_definitions.LoginSteps - Close the browser&amp#27;[m
]]></system-out>
    <system-err><![CDATA[java.net.MalformedURLException
	at java.base/java.net.URL.<init>(URL.java:679)
	at java.base/java.net.URL.<init>(URL.java:541)
	at java.base/java.net.URL.<init>(URL.java:488)
	at utilities.DriverFactory.lambda$new$0(DriverFactory.java:32)
	at java.base/java.lang.ThreadLocal$SuppliedThreadLocal.initialValue(ThreadLocal.java:305)
	at java.base/java.lang.ThreadLocal.setInitialValue(ThreadLocal.java:195)
	at java.base/java.lang.ThreadLocal.get(ThreadLocal.java:172)
	at utilities.DriverFactory.getDriver(DriverFactory.java:52)
	at step_definitions.Hooks.openBrowser(Hooks.java:16)
	at java.base/jdk.internal.reflect.NativeMethodAccessorImpl.invoke0(Native Method)
	at java.base/jdk.internal.reflect.NativeMethodAccessorImpl.invoke(NativeMethodAccessorImpl.java:62)
	at java.base/jdk.internal.reflect.DelegatingMethodAccessorImpl.invoke(DelegatingMethodAccessorImpl.java:43)
	at java.base/java.lang.reflect.Method.invoke(Method.java:566)
	at io.cucumber.java.Invoker.doInvoke(Invoker.java:66)
	at io.cucumber.java.Invoker.invoke(Invoker.java:24)
	at io.cucumber.java.AbstractGlueDefinition.invokeMethod(AbstractGlueDefinition.java:47)
	at io.cucumber.java.JavaHookDefinition.execute(JavaHookDefinition.java:64)
	at io.cucumber.core.runner.CoreHookDefinition.execute(CoreHookDefinition.java:46)
	at io.cucumber.core.runner.HookDefinitionMatch.runStep(HookDefinitionMatch.java:21)
	at io.cucumber.core.runner.ExecutionMode$1.execute(ExecutionMode.java:10)
	at io.cucumber.core.runner.TestStep.executeStep(TestStep.java:86)
	at io.cucumber.core.runner.TestStep.run(TestStep.java:57)
	at io.cucumber.core.runner.TestCase.run(TestCase.java:89)
	at io.cucumber.core.runner.Runner.runPickle(Runner.java:75)
	at io.cucumber.junit.PickleRunners$NoStepDescriptions.lambda$run$0(PickleRunners.java:151)
	at io.cucumber.core.runtime.CucumberExecutionContext.lambda$runTestCase$3(CucumberExecutionContext.java:110)
	at io.cucumber.core.runtime.RethrowingThrowableCollector.executeAndThrow(RethrowingThrowableCollector.java:23)
	at io.cucumber.core.runtime.CucumberExecutionContext.runTestCase(CucumberExecutionContext.java:110)
	at io.cucumber.junit.PickleRunners$NoStepDescriptions.run(PickleRunners.java:148)
	at io.cucumber.junit.FeatureRunner.runChild(FeatureRunner.java:144)
	at io.cucumber.junit.FeatureRunner.runChild(FeatureRunner.java:28)
	at org.junit.runners.ParentRunner$4.run(ParentRunner.java:331)
	at org.junit.runners.ParentRunner$1.schedule(ParentRunner.java:79)
	at org.junit.runners.ParentRunner.runChildren(ParentRunner.java:329)
	at org.junit.runners.ParentRunner.access$100(ParentRunner.java:66)
	at org.junit.runners.ParentRunner$2.evaluate(ParentRunner.java:293)
	at org.junit.runners.ParentRunner$3.evaluate(ParentRunner.java:306)
	at org.junit.runners.ParentRunner.run(ParentRunner.java:413)
	at io.cucumber.junit.FeatureRunner.run(FeatureRunner.java:137)
	at io.cucumber.junit.Cucumber.runChild(Cucumber.java:196)
	at io.cucumber.junit.Cucumber.runChild(Cucumber.java:89)
	at org.junit.runners.ParentRunner$4.run(ParentRunner.java:331)
	at org.junit.runners.ParentRunner$1.schedule(ParentRunner.java:79)
	at org.junit.runners.ParentRunner.runChildren(ParentRunner.java:329)
	at org.junit.runners.ParentRunner.access$100(ParentRunner.java:66)
	at org.junit.runners.ParentRunner$2.evaluate(ParentRunner.java:293)
	at io.cucumber.junit.Cucumber$RunBeforeAllHooks.evaluate(Cucumber.java:266)
	at io.cucumber.junit.Cucumber$RunAfterAllHooks.evaluate(Cucumber.java:281)
	at io.cucumber.junit.Cucumber$StartTestRun.evaluate(Cucumber.java:233)
	at io.cucumber.junit.Cucumber$FinishTestRun.evaluate(Cucumber.java:248)
	at org.junit.runners.ParentRunner$3.evaluate(ParentRunner.java:306)
	at org.junit.runners.ParentRunner.run(ParentRunner.java:413)
	at org.junit.runner.JUnitCore.run(JUnitCore.java:137)
	at org.junit.runner.JUnitCore.run(JUnitCore.java:115)
	at org.junit.vintage.engine.execution.RunnerExecutor.execute(RunnerExecutor.java:42)
	at org.junit.vintage.engine.VintageTestEngine.executeAllChildren(VintageTestEngine.java:80)
	at org.junit.vintage.engine.VintageTestEngine.execute(VintageTestEngine.java:72)
	at org.junit.platform.launcher.core.EngineExecutionOrchestrator.execute(EngineExecutionOrchestrator.java:107)
	at org.junit.platform.launcher.core.EngineExecutionOrchestrator.execute(EngineExecutionOrchestrator.java:88)
	at org.junit.platform.launcher.core.EngineExecutionOrchestrator.lambda$execute$0(EngineExecutionOrchestrator.java:54)
	at org.junit.platform.launcher.core.EngineExecutionOrchestrator.withInterceptedStreams(EngineExecutionOrchestrator.java:67)
	at org.junit.platform.launcher.core.EngineExecutionOrchestrator.execute(EngineExecutionOrchestrator.java:52)
	at org.junit.platform.launcher.core.DefaultLauncher.execute(DefaultLauncher.java:114)
	at org.junit.platform.launcher.core.DefaultLauncher.execute(DefaultLauncher.java:86)
	at org.junit.platform.launcher.core.DefaultLauncherSession$DelegatingLauncher.execute(DefaultLauncherSession.java:86)
	at org.junit.platform.launcher.core.SessionPerRequestLauncher.execute(SessionPerRequestLauncher.java:53)
	at org.apache.maven.surefire.junitplatform.JUnitPlatformProvider.execute(JUnitPlatformProvider.java:188)
	at org.apache.maven.surefire.junitplatform.JUnitPlatformProvider.invokeAllTests(JUnitPlatformProvider.java:154)
	at org.apache.maven.surefire.junitplatform.JUnitPlatformProvider.invoke(JUnitPlatformProvider.java:128)
	at org.apache.maven.surefire.booter.ForkedBooter.runSuitesInProcess(ForkedBooter.java:428)
	at org.apache.maven.surefire.booter.ForkedBooter.execute(ForkedBooter.java:162)
	at org.apache.maven.surefire.booter.ForkedBooter.run(ForkedBooter.java:562)
	at org.apache.maven.surefire.booter.ForkedBooter.main(ForkedBooter.java:548)
Caused by: java.lang.NullPointerException
	at java.base/java.net.URL.<init>(URL.java:585)
	... 72 more
SLF4J: Failed to load class "org.slf4j.impl.StaticLoggerBinder".
SLF4J: Defaulting to no-operation (NOP) logger implementation
SLF4J: See http://www.slf4j.org/codes.html#StaticLoggerBinder for further details.
1641777163538	geckodriver	INFO	Listening on 127.0.0.1:55946
1641777163858	mozrunner::runner	INFO	Running command: "/Applications/Firefox.app/Contents/MacOS/firefox-bin" "--marionette" "--remote-debugging-port" "58236" "-foreground" "-no-remote" "-profile" "/var/folders/qp/1yxjd8ds0dl181sb3tjn3mnc0000gn/T/rust_mozprofileM1Ynne"
1641777164383	Marionette	INFO	Marionette enabled
2022-01-09 20:12:45.220 firefox-bin[3240:99615] Warning: Expected min height of view: (<NSButton: 0x119f76c00>) to be less than or equal to 30 but got a height of 32.000000. This error will be logged once per view in violation.
2022-01-09 20:12:45.221 firefox-bin[3240:99615] Warning: Expected min height of view: (<NSButton: 0x12124c400>) to be less than or equal to 30 but got a height of 32.000000. This error will be logged once per view in violation.
2022-01-09 20:12:45.222 firefox-bin[3240:99615] Warning: Expected min height of view: (<NSButton: 0x121251800>) to be less than or equal to 30 but got a height of 32.000000. This error will be logged once per view in violation.
2022-01-09 20:12:45.223 firefox-bin[3240:99615] Warning: Expected min height of view: (<NSButton: 0x121252000>) to be less than or equal to 30 but got a height of 32.000000. This error will be logged once per view in violation.
2022-01-09 20:12:45.223 firefox-bin[3240:99615] Warning: Expected min height of view: (<NSButton: 0x12124c800>) to be less than or equal to 30 but got a height of 32.000000. This error will be logged once per view in violation.
2022-01-09 20:12:45.224 firefox-bin[3240:99615] Warning: Expected min height of view: (<NSPopoverTouchBarItemButton: 0x121251c00>) to be less than or equal to 30 but got a height of 32.000000. This error will be logged once per view in violation.
2022-01-09 20:12:45.224 firefox-bin[3240:99615] Warning: Expected min height of view: (<NSPopoverTouchBarItemButton: 0x118fbb000>) to be less than or equal to 30 but got a height of 32.000000. This error will be logged once per view in violation.
console.warn: SearchSettings: "get: No settings file exists, new profile?" (new NotFoundError("Could not open the file at /var/folders/qp/1yxjd8ds0dl181sb3tjn3mnc0000gn/T/rust_mozprofileM1Ynne/search.json.mozlz4", (void 0)))
console.error: BackgroundUpdate: 
  _reasonsToNotScheduleUpdates: Failed to check for Maintenance Service Registry Key: [Exception... "Component returned failure code: 0x80004001 (NS_ERROR_NOT_IMPLEMENTED) [nsIUpdateProcessor.getServiceRegKeyExists]"  nsresult: "0x80004001 (NS_ERROR_NOT_IMPLEMENTED)"  location: "JS frame :: resource://gre/modules/BackgroundUpdate.jsm :: _reasonsToNotScheduleUpdates :: line 243"  data: no]
DevTools listening on ws://localhost:58236/devtools/browser/a124acba-ae49-43fb-ab95-ea973b60b89d
1641777167145	Marionette	INFO	Listening on port 62201
1641777167196	RemoteAgent	WARN	TLS certificate errors will be ignored for this session
Jan 09, 2022 8:12:47 PM org.openqa.selenium.remote.ProtocolHandshake createSession
INFO: Detected dialect: W3C
JavaScript warning: https://pagead2.googlesyndication.com/bg/94IealOMwR7kxf6jS-jGG0uIjJYzj28NIr5mtVGcdhU.js line 1 > eval line 7326 > eval line 1 > eval, line 1: WEBGL_debug_renderer_info is deprecated in Firefox and will be removed. Please use RENDERER.
JavaScript warning: https://pagead2.googlesyndication.com/bg/94IealOMwR7kxf6jS-jGG0uIjJYzj28NIr5mtVGcdhU.js line 1 > eval line 7745 > eval line 1 > eval, line 1: WEBGL_debug_renderer_info is deprecated in Firefox and will be removed. Please use RENDERER.
JavaScript error: , line 0: TypeError: NetworkError when attempting to fetch resource.
JavaScript error: , line 0: uncaught exception: undefined
1641777183010	Marionette	INFO	Stopped listening on port 62201
JavaScript warning: https://www.realtor.com/assets/prod/91a475a/_next/static/chunks/commons.9c00600bc8620bdbc3dc.js, line 1: unreachable code after return statement
JavaScript warning: https://www.realtor.com/assets/prod/91a475a/_next/static/chunks/commons.9c00600bc8620bdbc3dc.js, line 1: unreachable code after return statement
JavaScript warning: https://www.realtor.com/assets/prod/91a475a/_next/static/chunks/commons.9c00600bc8620bdbc3dc.js, line 1: unreachable code after return statement

###!!! [Parent][RunMessage] Error: Channel closing: too late to send/recv, messages will be lost

]]></system-err>
  </testcase>
  <testcase name="Find a realtor agent to sell a property" classname="Find Realtor Agent Functionality" time="11.869">
    <system-out><![CDATA[
Scenario: Find a realtor agent to sell a property                                                               &amp#27;[90m# src/test/resources/Features/findRealtor.feature:4&amp#27;[0m
20:13:06.205 [main] &amp#27;[0mINFO  step_definitions.LoginSteps - launch the browser&amp#27;[m
  &amp#27;[32mGiven &amp#27;[0m&amp#27;[32muser is in the realtor home page for searching a realtor agent for sell a property&amp#27;[0m                      &amp#27;[90m# step_definitions.FindRealtorSteps.navigateToHomePageForFindRealtor()&amp#27;[0m
  &amp#27;[32mAnd &amp#27;[0m&amp#27;[32muser navigate to real estate agent page&amp#27;[0m                                                                   &amp#27;[90m# step_definitions.FindRealtorSteps.navigateToFindRealtorAgentPage()&amp#27;[0m
  &amp#27;[32mWhen &amp#27;[0m&amp#27;[32muser type home address "&amp#27;[0m&amp#27;[32m&amp#27;[1m7104 162nd St Fresh Meadows NY 11365 &amp#27;[0m&amp#27;[32m" inside search box and click search button&amp#27;[0m &amp#27;[90m# step_definitions.FindRealtorSteps.typeSearchAndClickIcon(java.lang.String)&amp#27;[0m
  &amp#27;[32mThen &amp#27;[0m&amp#27;[32muser can see real estate agent&amp#27;[0m                                                                           &amp#27;[90m# step_definitions.FindRealtorSteps.validateRealtorAgent()&amp#27;[0m
20:13:15.563 [main] &amp#27;[0mINFO  step_definitions.LoginSteps - Close the browser&amp#27;[m
]]></system-out>
    <system-err><![CDATA[java.net.MalformedURLException
	at java.base/java.net.URL.<init>(URL.java:679)
	at java.base/java.net.URL.<init>(URL.java:541)
	at java.base/java.net.URL.<init>(URL.java:488)
	at utilities.DriverFactory.lambda$new$0(DriverFactory.java:32)
	at java.base/java.lang.ThreadLocal$SuppliedThreadLocal.initialValue(ThreadLocal.java:305)
	at java.base/java.lang.ThreadLocal.setInitialValue(ThreadLocal.java:195)
	at java.base/java.lang.ThreadLocal.get(ThreadLocal.java:172)
	at utilities.DriverFactory.getDriver(DriverFactory.java:52)
	at step_definitions.Hooks.openBrowser(Hooks.java:16)
	at java.base/jdk.internal.reflect.NativeMethodAccessorImpl.invoke0(Native Method)
	at java.base/jdk.internal.reflect.NativeMethodAccessorImpl.invoke(NativeMethodAccessorImpl.java:62)
	at java.base/jdk.internal.reflect.DelegatingMethodAccessorImpl.invoke(DelegatingMethodAccessorImpl.java:43)
	at java.base/java.lang.reflect.Method.invoke(Method.java:566)
	at io.cucumber.java.Invoker.doInvoke(Invoker.java:66)
	at io.cucumber.java.Invoker.invoke(Invoker.java:24)
	at io.cucumber.java.AbstractGlueDefinition.invokeMethod(AbstractGlueDefinition.java:47)
	at io.cucumber.java.JavaHookDefinition.execute(JavaHookDefinition.java:64)
	at io.cucumber.core.runner.CoreHookDefinition.execute(CoreHookDefinition.java:46)
	at io.cucumber.core.runner.HookDefinitionMatch.runStep(HookDefinitionMatch.java:21)
	at io.cucumber.core.runner.ExecutionMode$1.execute(ExecutionMode.java:10)
	at io.cucumber.core.runner.TestStep.executeStep(TestStep.java:86)
	at io.cucumber.core.runner.TestStep.run(TestStep.java:57)
	at io.cucumber.core.runner.TestCase.run(TestCase.java:89)
	at io.cucumber.core.runner.Runner.runPickle(Runner.java:75)
	at io.cucumber.junit.PickleRunners$NoStepDescriptions.lambda$run$0(PickleRunners.java:151)
	at io.cucumber.core.runtime.CucumberExecutionContext.lambda$runTestCase$3(CucumberExecutionContext.java:110)
	at io.cucumber.core.runtime.RethrowingThrowableCollector.executeAndThrow(RethrowingThrowableCollector.java:23)
	at io.cucumber.core.runtime.CucumberExecutionContext.runTestCase(CucumberExecutionContext.java:110)
	at io.cucumber.junit.PickleRunners$NoStepDescriptions.run(PickleRunners.java:148)
	at io.cucumber.junit.FeatureRunner.runChild(FeatureRunner.java:144)
	at io.cucumber.junit.FeatureRunner.runChild(FeatureRunner.java:28)
	at org.junit.runners.ParentRunner$4.run(ParentRunner.java:331)
	at org.junit.runners.ParentRunner$1.schedule(ParentRunner.java:79)
	at org.junit.runners.ParentRunner.runChildren(ParentRunner.java:329)
	at org.junit.runners.ParentRunner.access$100(ParentRunner.java:66)
	at org.junit.runners.ParentRunner$2.evaluate(ParentRunner.java:293)
	at org.junit.runners.ParentRunner$3.evaluate(ParentRunner.java:306)
	at org.junit.runners.ParentRunner.run(ParentRunner.java:413)
	at io.cucumber.junit.FeatureRunner.run(FeatureRunner.java:137)
	at io.cucumber.junit.Cucumber.runChild(Cucumber.java:196)
	at io.cucumber.junit.Cucumber.runChild(Cucumber.java:89)
	at org.junit.runners.ParentRunner$4.run(ParentRunner.java:331)
	at org.junit.runners.ParentRunner$1.schedule(ParentRunner.java:79)
	at org.junit.runners.ParentRunner.runChildren(ParentRunner.java:329)
	at org.junit.runners.ParentRunner.access$100(ParentRunner.java:66)
	at org.junit.runners.ParentRunner$2.evaluate(ParentRunner.java:293)
	at io.cucumber.junit.Cucumber$RunBeforeAllHooks.evaluate(Cucumber.java:266)
	at io.cucumber.junit.Cucumber$RunAfterAllHooks.evaluate(Cucumber.java:281)
	at io.cucumber.junit.Cucumber$StartTestRun.evaluate(Cucumber.java:233)
	at io.cucumber.junit.Cucumber$FinishTestRun.evaluate(Cucumber.java:248)
	at org.junit.runners.ParentRunner$3.evaluate(ParentRunner.java:306)
	at org.junit.runners.ParentRunner.run(ParentRunner.java:413)
	at org.junit.runner.JUnitCore.run(JUnitCore.java:137)
	at org.junit.runner.JUnitCore.run(JUnitCore.java:115)
	at org.junit.vintage.engine.execution.RunnerExecutor.execute(RunnerExecutor.java:42)
	at org.junit.vintage.engine.VintageTestEngine.executeAllChildren(VintageTestEngine.java:80)
	at org.junit.vintage.engine.VintageTestEngine.execute(VintageTestEngine.java:72)
	at org.junit.platform.launcher.core.EngineExecutionOrchestrator.execute(EngineExecutionOrchestrator.java:107)
	at org.junit.platform.launcher.core.EngineExecutionOrchestrator.execute(EngineExecutionOrchestrator.java:88)
	at org.junit.platform.launcher.core.EngineExecutionOrchestrator.lambda$execute$0(EngineExecutionOrchestrator.java:54)
	at org.junit.platform.launcher.core.EngineExecutionOrchestrator.withInterceptedStreams(EngineExecutionOrchestrator.java:67)
	at org.junit.platform.launcher.core.EngineExecutionOrchestrator.execute(EngineExecutionOrchestrator.java:52)
	at org.junit.platform.launcher.core.DefaultLauncher.execute(DefaultLauncher.java:114)
	at org.junit.platform.launcher.core.DefaultLauncher.execute(DefaultLauncher.java:86)
	at org.junit.platform.launcher.core.DefaultLauncherSession$DelegatingLauncher.execute(DefaultLauncherSession.java:86)
	at org.junit.platform.launcher.core.SessionPerRequestLauncher.execute(SessionPerRequestLauncher.java:53)
	at org.apache.maven.surefire.junitplatform.JUnitPlatformProvider.execute(JUnitPlatformProvider.java:188)
	at org.apache.maven.surefire.junitplatform.JUnitPlatformProvider.invokeAllTests(JUnitPlatformProvider.java:154)
	at org.apache.maven.surefire.junitplatform.JUnitPlatformProvider.invoke(JUnitPlatformProvider.java:128)
	at org.apache.maven.surefire.booter.ForkedBooter.runSuitesInProcess(ForkedBooter.java:428)
	at org.apache.maven.surefire.booter.ForkedBooter.execute(ForkedBooter.java:162)
	at org.apache.maven.surefire.booter.ForkedBooter.run(ForkedBooter.java:562)
	at org.apache.maven.surefire.booter.ForkedBooter.main(ForkedBooter.java:548)
Caused by: java.lang.NullPointerException
1641777183728	geckodriver	INFO	Listening on 127.0.0.1:54538
1641777183761	mozrunner::runner	INFO	Running command: "/Applications/Firefox.app/Contents/MacOS/firefox-bin" "--marionette" "--remote-debugging-port" "52794" "-foreground" "-no-remote" "-profile" "/var/folders/qp/1yxjd8ds0dl181sb3tjn3mnc0000gn/T/rust_mozprofileoClCzR"
1641777184236	Marionette	INFO	Marionette enabled
2022-01-09 20:13:04.949 firefox-bin[3250:100174] Warning: Expected min height of view: (<NSButton: 0x12dadb000>) to be less than or equal to 30 but got a height of 32.000000. This error will be logged once per view in violation.
2022-01-09 20:13:04.950 firefox-bin[3250:100174] Warning: Expected min height of view: (<NSButton: 0x12dbf1000>) to be less than or equal to 30 but got a height of 32.000000. This error will be logged once per view in violation.
2022-01-09 20:13:04.950 firefox-bin[3250:100174] Warning: Expected min height of view: (<NSButton: 0x12dbf0c00>) to be less than or equal to 30 but got a height of 32.000000. This error will be logged once per view in violation.
2022-01-09 20:13:04.951 firefox-bin[3250:100174] Warning: Expected min height of view: (<NSButton: 0x12dbef800>) to be less than or equal to 30 but got a height of 32.000000. This error will be logged once per view in violation.
2022-01-09 20:13:04.951 firefox-bin[3250:100174] Warning: Expected min height of view: (<NSButton: 0x12dbed800>) to be less than or equal to 30 but got a height of 32.000000. This error will be logged once per view in violation.
2022-01-09 20:13:04.952 firefox-bin[3250:100174] Warning: Expected min height of view: (<NSPopoverTouchBarItemButton: 0x12dbec400>) to be less than or equal to 30 but got a height of 32.000000. This error will be logged once per view in violation.
2022-01-09 20:13:04.953 firefox-bin[3250:100174] Warning: Expected min height of view: (<NSPopoverTouchBarItemButton: 0x1268d9000>) to be less than or equal to 30 but got a height of 32.000000. This error will be logged once per view in violation.
console.warn: SearchSettings: "get: No settings file exists, new profile?" (new NotFoundError("Could not open the file at /var/folders/qp/1yxjd8ds0dl181sb3tjn3mnc0000gn/T/rust_mozprofileoClCzR/search.json.mozlz4", (void 0)))
console.error: BackgroundUpdate: 
  _reasonsToNotScheduleUpdates: Failed to check for Maintenance Service Registry Key: [Exception... "Component returned failure code: 0x80004001 (NS_ERROR_NOT_IMPLEMENTED) [nsIUpdateProcessor.getServiceRegKeyExists]"  nsresult: "0x80004001 (NS_ERROR_NOT_IMPLEMENTED)"  location: "JS frame :: resource://gre/modules/BackgroundUpdate.jsm :: _reasonsToNotScheduleUpdates :: line 243"  data: no]
DevTools listening on ws://localhost:52794/devtools/browser/dc8d1a08-4c9c-4753-b412-ea7c135a1545
1641777186129	Marionette	INFO	Listening on port 62524
1641777186170	RemoteAgent	WARN	TLS certificate errors will be ignored for this session
Jan 09, 2022 8:13:06 PM org.openqa.selenium.remote.ProtocolHandshake createSession
INFO: Detected dialect: W3C
JavaScript warning: https://pagead2.googlesyndication.com/bg/94IealOMwR7kxf6jS-jGG0uIjJYzj28NIr5mtVGcdhU.js line 1 > eval line 2760 > eval, line 1: WEBGL_debug_renderer_info is deprecated in Firefox and will be removed. Please use RENDERER.
JavaScript warning: https://pagead2.googlesyndication.com/bg/94IealOMwR7kxf6jS-jGG0uIjJYzj28NIr5mtVGcdhU.js line 1 > eval line 7269 > eval, line 1: WEBGL_debug_renderer_info is deprecated in Firefox and will be removed. Please use RENDERER.
JavaScript warning: https://sellers.rdc.moveaws.com/_next/static/chunks/40f3e9f47154ec86ebdd9db6dc90dacd267de26d.e74f89122e7a718c47ee.js, line 1: unreachable code after return statement
JavaScript warning: https://sellers.rdc.moveaws.com/_next/static/chunks/40f3e9f47154ec86ebdd9db6dc90dacd267de26d.e74f89122e7a718c47ee.js, line 1: unreachable code after return statement
JavaScript warning: https://sellers.rdc.moveaws.com/_next/static/chunks/40f3e9f47154ec86ebdd9db6dc90dacd267de26d.e74f89122e7a718c47ee.js, line 1: unreachable code after return statement
1641777194777	Marionette	INFO	Stopped listening on port 62524

###!!! [Parent][RunMessage] Error: Channel closing: too late to send/recv, messages will be lost

]]></system-err>
  </testcase>
  <testcase name="Check login is successful with valid credentials #1" classname="Test login functionalities" time="11.431">
    <system-out><![CDATA[
@positive_test
Scenario: Check login is successful with valid credentials                             &amp#27;[90m# src/test/resources/Features/login.feature:7&amp#27;[0m
20:13:18.079 [main] &amp#27;[0mINFO  step_definitions.LoginSteps - launch the browser&amp#27;[m
  &amp#27;[32mGiven &amp#27;[0m&amp#27;[32muser is on the login page and click on Login Link&amp#27;[0m                              &amp#27;[90m# step_definitions.LoginSteps.userIsOnTheLoginPageAndClickOnLoginLink()&amp#27;[0m
  &amp#27;[32mWhen &amp#27;[0m&amp#27;[32muser enters emailAddress "&amp#27;[0m&amp#27;[32m&amp#27;[1msunny09203019@gmail.com&amp#27;[0m&amp#27;[32m" and click on continue button&amp#27;[0m &amp#27;[90m# step_definitions.LoginSteps.userEntersEmailAddressAndClickOnContinueButton(java.lang.String)&amp#27;[0m
  &amp#27;[32mAnd &amp#27;[0m&amp#27;[32muser enters password "&amp#27;[0m&amp#27;[32m&amp#27;[1mTest123@123&amp#27;[0m&amp#27;[32m" and click on login button&amp#27;[0m                     &amp#27;[90m# step_definitions.LoginSteps.userEntersPasswordAndClickOnLoginButton(java.lang.String)&amp#27;[0m
  &amp#27;[32mThen &amp#27;[0m&amp#27;[32muser is navigated to home page&amp#27;[0m                                                  &amp#27;[90m# step_definitions.LoginSteps.userIsNavigatedToHomePage()&amp#27;[0m
20:13:27.006 [main] &amp#27;[0mINFO  step_definitions.LoginSteps - Close the browser&amp#27;[m
]]></system-out>
    <system-err><![CDATA[java.net.MalformedURLException
	at java.base/java.net.URL.<init>(URL.java:679)
	at java.base/java.net.URL.<init>(URL.java:541)
	at java.base/java.net.URL.<init>(URL.java:488)
	at utilities.DriverFactory.lambda$new$0(DriverFactory.java:32)
	at java.base/java.lang.ThreadLocal$SuppliedThreadLocal.initialValue(ThreadLocal.java:305)
	at java.base/java.lang.ThreadLocal.setInitialValue(ThreadLocal.java:195)
	at java.base/java.lang.ThreadLocal.get(ThreadLocal.java:172)
	at utilities.DriverFactory.getDriver(DriverFactory.java:52)
	at step_definitions.Hooks.openBrowser(Hooks.java:16)
	at java.base/jdk.internal.reflect.NativeMethodAccessorImpl.invoke0(Native Method)
	at java.base/jdk.internal.reflect.NativeMethodAccessorImpl.invoke(NativeMethodAccessorImpl.java:62)
	at java.base/jdk.internal.reflect.DelegatingMethodAccessorImpl.invoke(DelegatingMethodAccessorImpl.java:43)
	at java.base/java.lang.reflect.Method.invoke(Method.java:566)
	at io.cucumber.java.Invoker.doInvoke(Invoker.java:66)
	at io.cucumber.java.Invoker.invoke(Invoker.java:24)
	at io.cucumber.java.AbstractGlueDefinition.invokeMethod(AbstractGlueDefinition.java:47)
	at io.cucumber.java.JavaHookDefinition.execute(JavaHookDefinition.java:64)
	at io.cucumber.core.runner.CoreHookDefinition.execute(CoreHookDefinition.java:46)
	at io.cucumber.core.runner.HookDefinitionMatch.runStep(HookDefinitionMatch.java:21)
	at io.cucumber.core.runner.ExecutionMode$1.execute(ExecutionMode.java:10)
	at io.cucumber.core.runner.TestStep.executeStep(TestStep.java:86)
	at io.cucumber.core.runner.TestStep.run(TestStep.java:57)
	at io.cucumber.core.runner.TestCase.run(TestCase.java:89)
	at io.cucumber.core.runner.Runner.runPickle(Runner.java:75)
	at io.cucumber.junit.PickleRunners$NoStepDescriptions.lambda$run$0(PickleRunners.java:151)
	at io.cucumber.core.runtime.CucumberExecutionContext.lambda$runTestCase$3(CucumberExecutionContext.java:110)
	at io.cucumber.core.runtime.RethrowingThrowableCollector.executeAndThrow(RethrowingThrowableCollector.java:23)
	at io.cucumber.core.runtime.CucumberExecutionContext.runTestCase(CucumberExecutionContext.java:110)
	at io.cucumber.junit.PickleRunners$NoStepDescriptions.run(PickleRunners.java:148)
	at io.cucumber.junit.FeatureRunner.runChild(FeatureRunner.java:144)
	at io.cucumber.junit.FeatureRunner.runChild(FeatureRunner.java:28)
	at org.junit.runners.ParentRunner$4.run(ParentRunner.java:331)
	at org.junit.runners.ParentRunner$1.schedule(ParentRunner.java:79)
	at org.junit.runners.ParentRunner.runChildren(ParentRunner.java:329)
	at org.junit.runners.ParentRunner.access$100(ParentRunner.java:66)
	at org.junit.runners.ParentRunner$2.evaluate(ParentRunner.java:293)
	at org.junit.runners.ParentRunner$3.evaluate(ParentRunner.java:306)
	at org.junit.runners.ParentRunner.run(ParentRunner.java:413)
	at io.cucumber.junit.FeatureRunner.run(FeatureRunner.java:137)
	at io.cucumber.junit.Cucumber.runChild(Cucumber.java:196)
	at io.cucumber.junit.Cucumber.runChild(Cucumber.java:89)
	at org.junit.runners.ParentRunner$4.run(ParentRunner.java:331)
	at org.junit.runners.ParentRunner$1.schedule(ParentRunner.java:79)
	at org.junit.runners.ParentRunner.runChildren(ParentRunner.java:329)
	at org.junit.runners.ParentRunner.access$100(ParentRunner.java:66)
	at org.junit.runners.ParentRunner$2.evaluate(ParentRunner.java:293)
	at io.cucumber.junit.Cucumber$RunBeforeAllHooks.evaluate(Cucumber.java:266)
	at io.cucumber.junit.Cucumber$RunAfterAllHooks.evaluate(Cucumber.java:281)
	at io.cucumber.junit.Cucumber$StartTestRun.evaluate(Cucumber.java:233)
	at io.cucumber.junit.Cucumber$FinishTestRun.evaluate(Cucumber.java:248)
	at org.junit.runners.ParentRunner$3.evaluate(ParentRunner.java:306)
	at org.junit.runners.ParentRunner.run(ParentRunner.java:413)
	at org.junit.runner.JUnitCore.run(JUnitCore.java:137)
	at org.junit.runner.JUnitCore.run(JUnitCore.java:115)
	at org.junit.vintage.engine.execution.RunnerExecutor.execute(RunnerExecutor.java:42)
	at org.junit.vintage.engine.VintageTestEngine.executeAllChildren(VintageTestEngine.java:80)
	at org.junit.vintage.engine.VintageTestEngine.execute(VintageTestEngine.java:72)
	at org.junit.platform.launcher.core.EngineExecutionOrchestrator.execute(EngineExecutionOrchestrator.java:107)
	at org.junit.platform.launcher.core.EngineExecutionOrchestrator.execute(EngineExecutionOrchestrator.java:88)
	at org.junit.platform.launcher.core.EngineExecutionOrchestrator.lambda$execute$0(EngineExecutionOrchestrator.java:54)
	at org.junit.platform.launcher.core.EngineExecutionOrchestrator.withInterceptedStreams(EngineExecutionOrchestrator.java:67)
	at org.junit.platform.launcher.core.EngineExecutionOrchestrator.execute(EngineExecutionOrchestrator.java:52)
	at org.junit.platform.launcher.core.DefaultLauncher.execute(DefaultLauncher.java:114)
	at org.junit.platform.launcher.core.DefaultLauncher.execute(DefaultLauncher.java:86)
	at org.junit.platform.launcher.core.DefaultLauncherSession$DelegatingLauncher.execute(DefaultLauncherSession.java:86)
	at org.junit.platform.launcher.core.SessionPerRequestLauncher.execute(SessionPerRequestLauncher.java:53)
	at org.apache.maven.surefire.junitplatform.JUnitPlatformProvider.execute(JUnitPlatformProvider.java:188)
	at org.apache.maven.surefire.junitplatform.JUnitPlatformProvider.invokeAllTests(JUnitPlatformProvider.java:154)
	at org.apache.maven.surefire.junitplatform.JUnitPlatformProvider.invoke(JUnitPlatformProvider.java:128)
	at org.apache.maven.surefire.booter.ForkedBooter.runSuitesInProcess(ForkedBooter.java:428)
	at org.apache.maven.surefire.booter.ForkedBooter.execute(ForkedBooter.java:162)
	at org.apache.maven.surefire.booter.ForkedBooter.run(ForkedBooter.java:562)
	at org.apache.maven.surefire.booter.ForkedBooter.main(ForkedBooter.java:548)
Caused by: java.lang.NullPointerException
1641777195614	geckodriver	INFO	Listening on 127.0.0.1:50976
1641777195649	mozrunner::runner	INFO	Running command: "/Applications/Firefox.app/Contents/MacOS/firefox-bin" "--marionette" "--remote-debugging-port" "56388" "-foreground" "-no-remote" "-profile" "/var/folders/qp/1yxjd8ds0dl181sb3tjn3mnc0000gn/T/rust_mozprofileJKUEBH"
1641777196104	Marionette	INFO	Marionette enabled
2022-01-09 20:13:16.807 firefox-bin[3257:100695] Warning: Expected min height of view: (<NSButton: 0x124b36400>) to be less than or equal to 30 but got a height of 32.000000. This error will be logged once per view in violation.
2022-01-09 20:13:16.807 firefox-bin[3257:100695] Warning: Expected min height of view: (<NSButton: 0x12bad1400>) to be less than or equal to 30 but got a height of 32.000000. This error will be logged once per view in violation.
2022-01-09 20:13:16.808 firefox-bin[3257:100695] Warning: Expected min height of view: (<NSButton: 0x12bad3400>) to be less than or equal to 30 but got a height of 32.000000. This error will be logged once per view in violation.
2022-01-09 20:13:16.809 firefox-bin[3257:100695] Warning: Expected min height of view: (<NSButton: 0x12bad0800>) to be less than or equal to 30 but got a height of 32.000000. This error will be logged once per view in violation.
2022-01-09 20:13:16.810 firefox-bin[3257:100695] Warning: Expected min height of view: (<NSButton: 0x12bad5400>) to be less than or equal to 30 but got a height of 32.000000. This error will be logged once per view in violation.
2022-01-09 20:13:16.810 firefox-bin[3257:100695] Warning: Expected min height of view: (<NSPopoverTouchBarItemButton: 0x12bad7c00>) to be less than or equal to 30 but got a height of 32.000000. This error will be logged once per view in violation.
2022-01-09 20:13:16.811 firefox-bin[3257:100695] Warning: Expected min height of view: (<NSPopoverTouchBarItemButton: 0x123958800>) to be less than or equal to 30 but got a height of 32.000000. This error will be logged once per view in violation.
console.warn: SearchSettings: "get: No settings file exists, new profile?" (new NotFoundError("Could not open the file at /var/folders/qp/1yxjd8ds0dl181sb3tjn3mnc0000gn/T/rust_mozprofileJKUEBH/search.json.mozlz4", (void 0)))
console.error: BackgroundUpdate: 
  _reasonsToNotScheduleUpdates: Failed to check for Maintenance Service Registry Key: [Exception... "Component returned failure code: 0x80004001 (NS_ERROR_NOT_IMPLEMENTED) [nsIUpdateProcessor.getServiceRegKeyExists]"  nsresult: "0x80004001 (NS_ERROR_NOT_IMPLEMENTED)"  location: "JS frame :: resource://gre/modules/BackgroundUpdate.jsm :: _reasonsToNotScheduleUpdates :: line 243"  data: no]
DevTools listening on ws://localhost:56388/devtools/browser/4467a8aa-8fff-4e62-8879-909837badba8
1641777197963	Marionette	INFO	Listening on port 62861
1641777198047	RemoteAgent	WARN	TLS certificate errors will be ignored for this session
Jan 09, 2022 8:13:18 PM org.openqa.selenium.remote.ProtocolHandshake createSession
INFO: Detected dialect: W3C
JavaScript warning: https://pagead2.googlesyndication.com/bg/94IealOMwR7kxf6jS-jGG0uIjJYzj28NIr5mtVGcdhU.js line 1 > eval line 2295 > eval line 1 > eval, line 1: WEBGL_debug_renderer_info is deprecated in Firefox and will be removed. Please use RENDERER.
JavaScript warning: https://pagead2.googlesyndication.com/bg/94IealOMwR7kxf6jS-jGG0uIjJYzj28NIr5mtVGcdhU.js line 1 > eval line 128 > eval line 1 > eval, line 1: WEBGL_debug_renderer_info is deprecated in Firefox and will be removed. Please use RENDERER.
1641777206231	Marionette	INFO	Stopped listening on port 62861
JavaScript error: , line 0: TypeError: NetworkError when attempting to fetch resource.

###!!! [Parent][RunMessage] Error: Channel closing: too late to send/recv, messages will be lost

]]></system-err>
  </testcase>
  <testcase name="Check login is successful with valid credentials #2" classname="Test login functionalities" time="11.585">
    <system-out><![CDATA[
@positive_test @dataDriven_test
Scenario Outline: Check login is successful with valid credentials                     &amp#27;[90m# src/test/resources/Features/login.feature:20&amp#27;[0m
20:13:29.705 [main] &amp#27;[0mINFO  step_definitions.LoginSteps - launch the browser&amp#27;[m
  &amp#27;[32mGiven &amp#27;[0m&amp#27;[32muser is on the login page and click on Login Link&amp#27;[0m                              &amp#27;[90m# step_definitions.LoginSteps.userIsOnTheLoginPageAndClickOnLoginLink()&amp#27;[0m
  &amp#27;[32mWhen &amp#27;[0m&amp#27;[32muser enters emailAddress "&amp#27;[0m&amp#27;[32m&amp#27;[1msunny09203019@gmail.com&amp#27;[0m&amp#27;[32m" and click on continue button&amp#27;[0m &amp#27;[90m# step_definitions.LoginSteps.userEntersEmailAddressAndClickOnContinueButton(java.lang.String)&amp#27;[0m
  &amp#27;[32mAnd &amp#27;[0m&amp#27;[32muser enters password "&amp#27;[0m&amp#27;[32m&amp#27;[1mTest123@123&amp#27;[0m&amp#27;[32m" and click on login button&amp#27;[0m                     &amp#27;[90m# step_definitions.LoginSteps.userEntersPasswordAndClickOnLoginButton(java.lang.String)&amp#27;[0m
  &amp#27;[32mThen &amp#27;[0m&amp#27;[32muser is navigated to home page&amp#27;[0m                                                  &amp#27;[90m# step_definitions.LoginSteps.userIsNavigatedToHomePage()&amp#27;[0m
20:13:38.592 [main] &amp#27;[0mINFO  step_definitions.LoginSteps - Close the browser&amp#27;[m
]]></system-out>
    <system-err><![CDATA[java.net.MalformedURLException
	at java.base/java.net.URL.<init>(URL.java:679)
	at java.base/java.net.URL.<init>(URL.java:541)
	at java.base/java.net.URL.<init>(URL.java:488)
	at utilities.DriverFactory.lambda$new$0(DriverFactory.java:32)
	at java.base/java.lang.ThreadLocal$SuppliedThreadLocal.initialValue(ThreadLocal.java:305)
	at java.base/java.lang.ThreadLocal.setInitialValue(ThreadLocal.java:195)
	at java.base/java.lang.ThreadLocal.get(ThreadLocal.java:172)
	at utilities.DriverFactory.getDriver(DriverFactory.java:52)
	at step_definitions.Hooks.openBrowser(Hooks.java:16)
	at java.base/jdk.internal.reflect.NativeMethodAccessorImpl.invoke0(Native Method)
	at java.base/jdk.internal.reflect.NativeMethodAccessorImpl.invoke(NativeMethodAccessorImpl.java:62)
	at java.base/jdk.internal.reflect.DelegatingMethodAccessorImpl.invoke(DelegatingMethodAccessorImpl.java:43)
	at java.base/java.lang.reflect.Method.invoke(Method.java:566)
	at io.cucumber.java.Invoker.doInvoke(Invoker.java:66)
	at io.cucumber.java.Invoker.invoke(Invoker.java:24)
	at io.cucumber.java.AbstractGlueDefinition.invokeMethod(AbstractGlueDefinition.java:47)
	at io.cucumber.java.JavaHookDefinition.execute(JavaHookDefinition.java:64)
	at io.cucumber.core.runner.CoreHookDefinition.execute(CoreHookDefinition.java:46)
	at io.cucumber.core.runner.HookDefinitionMatch.runStep(HookDefinitionMatch.java:21)
	at io.cucumber.core.runner.ExecutionMode$1.execute(ExecutionMode.java:10)
	at io.cucumber.core.runner.TestStep.executeStep(TestStep.java:86)
	at io.cucumber.core.runner.TestStep.run(TestStep.java:57)
	at io.cucumber.core.runner.TestCase.run(TestCase.java:89)
	at io.cucumber.core.runner.Runner.runPickle(Runner.java:75)
	at io.cucumber.junit.PickleRunners$NoStepDescriptions.lambda$run$0(PickleRunners.java:151)
	at io.cucumber.core.runtime.CucumberExecutionContext.lambda$runTestCase$3(CucumberExecutionContext.java:110)
	at io.cucumber.core.runtime.RethrowingThrowableCollector.executeAndThrow(RethrowingThrowableCollector.java:23)
	at io.cucumber.core.runtime.CucumberExecutionContext.runTestCase(CucumberExecutionContext.java:110)
	at io.cucumber.junit.PickleRunners$NoStepDescriptions.run(PickleRunners.java:148)
	at io.cucumber.junit.FeatureRunner.runChild(FeatureRunner.java:144)
	at io.cucumber.junit.FeatureRunner.runChild(FeatureRunner.java:28)
	at org.junit.runners.ParentRunner$4.run(ParentRunner.java:331)
	at org.junit.runners.ParentRunner$1.schedule(ParentRunner.java:79)
	at org.junit.runners.ParentRunner.runChildren(ParentRunner.java:329)
	at org.junit.runners.ParentRunner.access$100(ParentRunner.java:66)
	at org.junit.runners.ParentRunner$2.evaluate(ParentRunner.java:293)
	at org.junit.runners.ParentRunner$3.evaluate(ParentRunner.java:306)
	at org.junit.runners.ParentRunner.run(ParentRunner.java:413)
	at io.cucumber.junit.FeatureRunner.run(FeatureRunner.java:137)
	at io.cucumber.junit.Cucumber.runChild(Cucumber.java:196)
	at io.cucumber.junit.Cucumber.runChild(Cucumber.java:89)
	at org.junit.runners.ParentRunner$4.run(ParentRunner.java:331)
	at org.junit.runners.ParentRunner$1.schedule(ParentRunner.java:79)
	at org.junit.runners.ParentRunner.runChildren(ParentRunner.java:329)
	at org.junit.runners.ParentRunner.access$100(ParentRunner.java:66)
	at org.junit.runners.ParentRunner$2.evaluate(ParentRunner.java:293)
	at io.cucumber.junit.Cucumber$RunBeforeAllHooks.evaluate(Cucumber.java:266)
	at io.cucumber.junit.Cucumber$RunAfterAllHooks.evaluate(Cucumber.java:281)
	at io.cucumber.junit.Cucumber$StartTestRun.evaluate(Cucumber.java:233)
	at io.cucumber.junit.Cucumber$FinishTestRun.evaluate(Cucumber.java:248)
	at org.junit.runners.ParentRunner$3.evaluate(ParentRunner.java:306)
	at org.junit.runners.ParentRunner.run(ParentRunner.java:413)
	at org.junit.runner.JUnitCore.run(JUnitCore.java:137)
	at org.junit.runner.JUnitCore.run(JUnitCore.java:115)
	at org.junit.vintage.engine.execution.RunnerExecutor.execute(RunnerExecutor.java:42)
	at org.junit.vintage.engine.VintageTestEngine.executeAllChildren(VintageTestEngine.java:80)
	at org.junit.vintage.engine.VintageTestEngine.execute(VintageTestEngine.java:72)
	at org.junit.platform.launcher.core.EngineExecutionOrchestrator.execute(EngineExecutionOrchestrator.java:107)
	at org.junit.platform.launcher.core.EngineExecutionOrchestrator.execute(EngineExecutionOrchestrator.java:88)
	at org.junit.platform.launcher.core.EngineExecutionOrchestrator.lambda$execute$0(EngineExecutionOrchestrator.java:54)
	at org.junit.platform.launcher.core.EngineExecutionOrchestrator.withInterceptedStreams(EngineExecutionOrchestrator.java:67)
	at org.junit.platform.launcher.core.EngineExecutionOrchestrator.execute(EngineExecutionOrchestrator.java:52)
	at org.junit.platform.launcher.core.DefaultLauncher.execute(DefaultLauncher.java:114)
	at org.junit.platform.launcher.core.DefaultLauncher.execute(DefaultLauncher.java:86)
	at org.junit.platform.launcher.core.DefaultLauncherSession$DelegatingLauncher.execute(DefaultLauncherSession.java:86)
	at org.junit.platform.launcher.core.SessionPerRequestLauncher.execute(SessionPerRequestLauncher.java:53)
	at org.apache.maven.surefire.junitplatform.JUnitPlatformProvider.execute(JUnitPlatformProvider.java:188)
	at org.apache.maven.surefire.junitplatform.JUnitPlatformProvider.invokeAllTests(JUnitPlatformProvider.java:154)
	at org.apache.maven.surefire.junitplatform.JUnitPlatformProvider.invoke(JUnitPlatformProvider.java:128)
	at org.apache.maven.surefire.booter.ForkedBooter.runSuitesInProcess(ForkedBooter.java:428)
	at org.apache.maven.surefire.booter.ForkedBooter.execute(ForkedBooter.java:162)
	at org.apache.maven.surefire.booter.ForkedBooter.run(ForkedBooter.java:562)
	at org.apache.maven.surefire.booter.ForkedBooter.main(ForkedBooter.java:548)
Caused by: java.lang.NullPointerException
1641777207035	geckodriver	INFO	Listening on 127.0.0.1:50553
1641777207170	mozrunner::runner	INFO	Running command: "/Applications/Firefox.app/Contents/MacOS/firefox-bin" "--marionette" "--remote-debugging-port" "60508" "-foreground" "-no-remote" "-profile" "/var/folders/qp/1yxjd8ds0dl181sb3tjn3mnc0000gn/T/rust_mozprofilehk4yZX"
1641777207630	Marionette	INFO	Marionette enabled
2022-01-09 20:13:28.321 firefox-bin[3263:101144] Warning: Expected min height of view: (<NSButton: 0x121083400>) to be less than or equal to 30 but got a height of 32.000000. This error will be logged once per view in violation.
2022-01-09 20:13:28.321 firefox-bin[3263:101144] Warning: Expected min height of view: (<NSButton: 0x121727800>) to be less than or equal to 30 but got a height of 32.000000. This error will be logged once per view in violation.
2022-01-09 20:13:28.322 firefox-bin[3263:101144] Warning: Expected min height of view: (<NSButton: 0x121722c00>) to be less than or equal to 30 but got a height of 32.000000. This error will be logged once per view in violation.
2022-01-09 20:13:28.323 firefox-bin[3263:101144] Warning: Expected min height of view: (<NSButton: 0x121725400>) to be less than or equal to 30 but got a height of 32.000000. This error will be logged once per view in violation.
2022-01-09 20:13:28.324 firefox-bin[3263:101144] Warning: Expected min height of view: (<NSButton: 0x121720400>) to be less than or equal to 30 but got a height of 32.000000. This error will be logged once per view in violation.
2022-01-09 20:13:28.325 firefox-bin[3263:101144] Warning: Expected min height of view: (<NSPopoverTouchBarItemButton: 0x121726800>) to be less than or equal to 30 but got a height of 32.000000. This error will be logged once per view in violation.
2022-01-09 20:13:28.325 firefox-bin[3263:101144] Warning: Expected min height of view: (<NSPopoverTouchBarItemButton: 0x11b20f000>) to be less than or equal to 30 but got a height of 32.000000. This error will be logged once per view in violation.
console.warn: SearchSettings: "get: No settings file exists, new profile?" (new NotFoundError("Could not open the file at /var/folders/qp/1yxjd8ds0dl181sb3tjn3mnc0000gn/T/rust_mozprofilehk4yZX/search.json.mozlz4", (void 0)))
console.error: BackgroundUpdate: 
  _reasonsToNotScheduleUpdates: Failed to check for Maintenance Service Registry Key: [Exception... "Component returned failure code: 0x80004001 (NS_ERROR_NOT_IMPLEMENTED) [nsIUpdateProcessor.getServiceRegKeyExists]"  nsresult: "0x80004001 (NS_ERROR_NOT_IMPLEMENTED)"  location: "JS frame :: resource://gre/modules/BackgroundUpdate.jsm :: _reasonsToNotScheduleUpdates :: line 243"  data: no]
DevTools listening on ws://localhost:60508/devtools/browser/a6ff3e5e-c6e9-4c07-aacc-868eacf6edba
1641777209568	Marionette	INFO	Listening on port 63164
1641777209670	RemoteAgent	WARN	TLS certificate errors will be ignored for this session
Jan 09, 2022 8:13:29 PM org.openqa.selenium.remote.ProtocolHandshake createSession
INFO: Detected dialect: W3C
JavaScript warning: https://pagead2.googlesyndication.com/bg/94IealOMwR7kxf6jS-jGG0uIjJYzj28NIr5mtVGcdhU.js line 1 > eval line 2398 > eval, line 1: WEBGL_debug_renderer_info is deprecated in Firefox and will be removed. Please use RENDERER.
JavaScript warning: https://pagead2.googlesyndication.com/bg/94IealOMwR7kxf6jS-jGG0uIjJYzj28NIr5mtVGcdhU.js line 1 > eval line 3031 > eval, line 1: WEBGL_debug_renderer_info is deprecated in Firefox and will be removed. Please use RENDERER.
1641777217818	Marionette	INFO	Stopped listening on port 63164
JavaScript error: , line 0: TypeError: NetworkError when attempting to fetch resource.
]]></system-err>
  </testcase>
  <testcase name="Check login is unsuccessful with invalid password" classname="Test login functionalities" time="15.533">
    <system-out><![CDATA[
@negative_test
Scenario: Check login is unsuccessful with invalid password                            &amp#27;[90m# src/test/resources/Features/login.feature:24&amp#27;[0m
20:13:41.078 [main] &amp#27;[0mINFO  step_definitions.LoginSteps - launch the browser&amp#27;[m
  &amp#27;[32mGiven &amp#27;[0m&amp#27;[32muser is on the login page and click on Login Link&amp#27;[0m                              &amp#27;[90m# step_definitions.LoginSteps.userIsOnTheLoginPageAndClickOnLoginLink()&amp#27;[0m
  &amp#27;[32mWhen &amp#27;[0m&amp#27;[32muser enters emailAddress "&amp#27;[0m&amp#27;[32m&amp#27;[1msunny09203019@gmail.com&amp#27;[0m&amp#27;[32m" and click on continue button&amp#27;[0m &amp#27;[90m# step_definitions.LoginSteps.userEntersEmailAddressAndClickOnContinueButton(java.lang.String)&amp#27;[0m
  &amp#27;[32mAnd &amp#27;[0m&amp#27;[32muser enters password "&amp#27;[0m&amp#27;[32m&amp#27;[1mtest123&amp#27;[0m&amp#27;[32m" and click on login button&amp#27;[0m                         &amp#27;[90m# step_definitions.LoginSteps.userEntersPasswordAndClickOnLoginButton(java.lang.String)&amp#27;[0m
  &amp#27;[32mThen &amp#27;[0m&amp#27;[32muser is failed to login&amp#27;[0m                                                         &amp#27;[90m# step_definitions.LoginSteps.validateUnsuccessfulLogin()&amp#27;[0m
20:13:54.126 [main] &amp#27;[0mINFO  step_definitions.LoginSteps - Close the browser&amp#27;[m
]]></system-out>
    <system-err><![CDATA[java.net.MalformedURLException
	at java.base/java.net.URL.<init>(URL.java:679)
	at java.base/java.net.URL.<init>(URL.java:541)
	at java.base/java.net.URL.<init>(URL.java:488)
	at utilities.DriverFactory.lambda$new$0(DriverFactory.java:32)
	at java.base/java.lang.ThreadLocal$SuppliedThreadLocal.initialValue(ThreadLocal.java:305)
	at java.base/java.lang.ThreadLocal.setInitialValue(ThreadLocal.java:195)
	at java.base/java.lang.ThreadLocal.get(ThreadLocal.java:172)
	at utilities.DriverFactory.getDriver(DriverFactory.java:52)
	at step_definitions.Hooks.openBrowser(Hooks.java:16)
	at java.base/jdk.internal.reflect.NativeMethodAccessorImpl.invoke0(Native Method)
	at java.base/jdk.internal.reflect.NativeMethodAccessorImpl.invoke(NativeMethodAccessorImpl.java:62)
	at java.base/jdk.internal.reflect.DelegatingMethodAccessorImpl.invoke(DelegatingMethodAccessorImpl.java:43)
	at java.base/java.lang.reflect.Method.invoke(Method.java:566)
	at io.cucumber.java.Invoker.doInvoke(Invoker.java:66)
	at io.cucumber.java.Invoker.invoke(Invoker.java:24)
	at io.cucumber.java.AbstractGlueDefinition.invokeMethod(AbstractGlueDefinition.java:47)
	at io.cucumber.java.JavaHookDefinition.execute(JavaHookDefinition.java:64)
	at io.cucumber.core.runner.CoreHookDefinition.execute(CoreHookDefinition.java:46)
	at io.cucumber.core.runner.HookDefinitionMatch.runStep(HookDefinitionMatch.java:21)
	at io.cucumber.core.runner.ExecutionMode$1.execute(ExecutionMode.java:10)
	at io.cucumber.core.runner.TestStep.executeStep(TestStep.java:86)
	at io.cucumber.core.runner.TestStep.run(TestStep.java:57)
	at io.cucumber.core.runner.TestCase.run(TestCase.java:89)
	at io.cucumber.core.runner.Runner.runPickle(Runner.java:75)
	at io.cucumber.junit.PickleRunners$NoStepDescriptions.lambda$run$0(PickleRunners.java:151)
	at io.cucumber.core.runtime.CucumberExecutionContext.lambda$runTestCase$3(CucumberExecutionContext.java:110)
	at io.cucumber.core.runtime.RethrowingThrowableCollector.executeAndThrow(RethrowingThrowableCollector.java:23)
	at io.cucumber.core.runtime.CucumberExecutionContext.runTestCase(CucumberExecutionContext.java:110)
	at io.cucumber.junit.PickleRunners$NoStepDescriptions.run(PickleRunners.java:148)
	at io.cucumber.junit.FeatureRunner.runChild(FeatureRunner.java:144)
	at io.cucumber.junit.FeatureRunner.runChild(FeatureRunner.java:28)
	at org.junit.runners.ParentRunner$4.run(ParentRunner.java:331)
	at org.junit.runners.ParentRunner$1.schedule(ParentRunner.java:79)
	at org.junit.runners.ParentRunner.runChildren(ParentRunner.java:329)
	at org.junit.runners.ParentRunner.access$100(ParentRunner.java:66)
	at org.junit.runners.ParentRunner$2.evaluate(ParentRunner.java:293)
	at org.junit.runners.ParentRunner$3.evaluate(ParentRunner.java:306)
	at org.junit.runners.ParentRunner.run(ParentRunner.java:413)
	at io.cucumber.junit.FeatureRunner.run(FeatureRunner.java:137)
	at io.cucumber.junit.Cucumber.runChild(Cucumber.java:196)
	at io.cucumber.junit.Cucumber.runChild(Cucumber.java:89)
	at org.junit.runners.ParentRunner$4.run(ParentRunner.java:331)
	at org.junit.runners.ParentRunner$1.schedule(ParentRunner.java:79)
	at org.junit.runners.ParentRunner.runChildren(ParentRunner.java:329)
	at org.junit.runners.ParentRunner.access$100(ParentRunner.java:66)
	at org.junit.runners.ParentRunner$2.evaluate(ParentRunner.java:293)
	at io.cucumber.junit.Cucumber$RunBeforeAllHooks.evaluate(Cucumber.java:266)
	at io.cucumber.junit.Cucumber$RunAfterAllHooks.evaluate(Cucumber.java:281)
	at io.cucumber.junit.Cucumber$StartTestRun.evaluate(Cucumber.java:233)
	at io.cucumber.junit.Cucumber$FinishTestRun.evaluate(Cucumber.java:248)
	at org.junit.runners.ParentRunner$3.evaluate(ParentRunner.java:306)
	at org.junit.runners.ParentRunner.run(ParentRunner.java:413)
	at org.junit.runner.JUnitCore.run(JUnitCore.java:137)
	at org.junit.runner.JUnitCore.run(JUnitCore.java:115)
	at org.junit.vintage.engine.execution.RunnerExecutor.execute(RunnerExecutor.java:42)
	at org.junit.vintage.engine.VintageTestEngine.executeAllChildren(VintageTestEngine.java:80)
	at org.junit.vintage.engine.VintageTestEngine.execute(VintageTestEngine.java:72)
	at org.junit.platform.launcher.core.EngineExecutionOrchestrator.execute(EngineExecutionOrchestrator.java:107)
	at org.junit.platform.launcher.core.EngineExecutionOrchestrator.execute(EngineExecutionOrchestrator.java:88)
	at org.junit.platform.launcher.core.EngineExecutionOrchestrator.lambda$execute$0(EngineExecutionOrchestrator.java:54)
	at org.junit.platform.launcher.core.EngineExecutionOrchestrator.withInterceptedStreams(EngineExecutionOrchestrator.java:67)
	at org.junit.platform.launcher.core.EngineExecutionOrchestrator.execute(EngineExecutionOrchestrator.java:52)
	at org.junit.platform.launcher.core.DefaultLauncher.execute(DefaultLauncher.java:114)
	at org.junit.platform.launcher.core.DefaultLauncher.execute(DefaultLauncher.java:86)
	at org.junit.platform.launcher.core.DefaultLauncherSession$DelegatingLauncher.execute(DefaultLauncherSession.java:86)
	at org.junit.platform.launcher.core.SessionPerRequestLauncher.execute(SessionPerRequestLauncher.java:53)
	at org.apache.maven.surefire.junitplatform.JUnitPlatformProvider.execute(JUnitPlatformProvider.java:188)
	at org.apache.maven.surefire.junitplatform.JUnitPlatformProvider.invokeAllTests(JUnitPlatformProvider.java:154)
	at org.apache.maven.surefire.junitplatform.JUnitPlatformProvider.invoke(JUnitPlatformProvider.java:128)
	at org.apache.maven.surefire.booter.ForkedBooter.runSuitesInProcess(ForkedBooter.java:428)
	at org.apache.maven.surefire.booter.ForkedBooter.execute(ForkedBooter.java:162)
	at org.apache.maven.surefire.booter.ForkedBooter.run(ForkedBooter.java:562)
	at org.apache.maven.surefire.booter.ForkedBooter.main(ForkedBooter.java:548)
Caused by: java.lang.NullPointerException
1641777218624	geckodriver	INFO	Listening on 127.0.0.1:58492
1641777218647	mozrunner::runner	INFO	Running command: "/Applications/Firefox.app/Contents/MacOS/firefox-bin" "--marionette" "--remote-debugging-port" "50582" "-foreground" "-no-remote" "-profile" "/var/folders/qp/1yxjd8ds0dl181sb3tjn3mnc0000gn/T/rust_mozprofilet4p5ZO"
1641777219072	Marionette	INFO	Marionette enabled
2022-01-09 20:13:39.820 firefox-bin[3269:101597] Warning: Expected min height of view: (<NSButton: 0x11aac7c00>) to be less than or equal to 30 but got a height of 32.000000. This error will be logged once per view in violation.
2022-01-09 20:13:39.820 firefox-bin[3269:101597] Warning: Expected min height of view: (<NSButton: 0x120cea000>) to be less than or equal to 30 but got a height of 32.000000. This error will be logged once per view in violation.
2022-01-09 20:13:39.821 firefox-bin[3269:101597] Warning: Expected min height of view: (<NSButton: 0x120cea400>) to be less than or equal to 30 but got a height of 32.000000. This error will be logged once per view in violation.
2022-01-09 20:13:39.822 firefox-bin[3269:101597] Warning: Expected min height of view: (<NSButton: 0x120cea800>) to be less than or equal to 30 but got a height of 32.000000. This error will be logged once per view in violation.
2022-01-09 20:13:39.823 firefox-bin[3269:101597] Warning: Expected min height of view: (<NSButton: 0x120ce9c00>) to be less than or equal to 30 but got a height of 32.000000. This error will be logged once per view in violation.
2022-01-09 20:13:39.823 firefox-bin[3269:101597] Warning: Expected min height of view: (<NSPopoverTouchBarItemButton: 0x120cec800>) to be less than or equal to 30 but got a height of 32.000000. This error will be logged once per view in violation.
2022-01-09 20:13:39.824 firefox-bin[3269:101597] Warning: Expected min height of view: (<NSPopoverTouchBarItemButton: 0x110f5d400>) to be less than or equal to 30 but got a height of 32.000000. This error will be logged once per view in violation.
console.warn: SearchSettings: "get: No settings file exists, new profile?" (new NotFoundError("Could not open the file at /var/folders/qp/1yxjd8ds0dl181sb3tjn3mnc0000gn/T/rust_mozprofilet4p5ZO/search.json.mozlz4", (void 0)))
console.error: BackgroundUpdate: 
  _reasonsToNotScheduleUpdates: Failed to check for Maintenance Service Registry Key: [Exception... "Component returned failure code: 0x80004001 (NS_ERROR_NOT_IMPLEMENTED) [nsIUpdateProcessor.getServiceRegKeyExists]"  nsresult: "0x80004001 (NS_ERROR_NOT_IMPLEMENTED)"  location: "JS frame :: resource://gre/modules/BackgroundUpdate.jsm :: _reasonsToNotScheduleUpdates :: line 243"  data: no]
DevTools listening on ws://localhost:50582/devtools/browser/03bbed7e-2898-49cc-b326-87b729f49eb7
1641777220993	Marionette	INFO	Listening on port 63498
1641777221047	RemoteAgent	WARN	TLS certificate errors will be ignored for this session
Jan 09, 2022 8:13:41 PM org.openqa.selenium.remote.ProtocolHandshake createSession
INFO: Detected dialect: W3C
JavaScript warning: https://pagead2.googlesyndication.com/bg/94IealOMwR7kxf6jS-jGG0uIjJYzj28NIr5mtVGcdhU.js line 1 > eval line 4260 > eval line 1 > eval, line 1: WEBGL_debug_renderer_info is deprecated in Firefox and will be removed. Please use RENDERER.
JavaScript warning: https://pagead2.googlesyndication.com/bg/94IealOMwR7kxf6jS-jGG0uIjJYzj28NIr5mtVGcdhU.js line 1 > eval line 6640 > eval, line 1: WEBGL_debug_renderer_info is deprecated in Firefox and will be removed. Please use RENDERER.
1641777233428	Marionette	INFO	Stopped listening on port 63498
JavaScript error: , line 0: TypeError: NetworkError when attempting to fetch resource.
]]></system-err>
  </testcase>
  <testcase name="Calculate monthly mortgage payment" classname="Mortgage Calculator &amp; Refinance Calculator" time="15.719">
    <system-out><![CDATA[
Scenario: Calculate monthly mortgage payment                               &amp#27;[90m# src/test/resources/Features/mortgage.feature:4&amp#27;[0m
20:13:56.629 [main] &amp#27;[0mINFO  step_definitions.LoginSteps - launch the browser&amp#27;[m
  &amp#27;[32mGiven &amp#27;[0m&amp#27;[32muser is in the realtor home page for searching mortgage calculator&amp#27;[0m &amp#27;[90m# step_definitions.MortgageAndRefinanceSteps.navigateToRealtorHomePage()&amp#27;[0m
  &amp#27;[32mAnd &amp#27;[0m&amp#27;[32muser navigate to mortgage page&amp#27;[0m                                       &amp#27;[90m# step_definitions.MortgageAndRefinanceSteps.navigateToMortgageCalculatorPage()&amp#27;[0m
  &amp#27;[32mWhen &amp#27;[0m&amp#27;[32muser can see the monthly mortgage payment upon entering the data&amp#27;[0m    &amp#27;[90m# step_definitions.MortgageAndRefinanceSteps.calculateMonthlyPayment(io.cucumber.datatable.DataTable)&amp#27;[0m
    | HomePrice | DownPayment | InterestRate | PropertyTax |
    | 1000000   | 195000      | 4            | 1016        |
  &amp#27;[32mThen &amp#27;[0m&amp#27;[32mThe monthly mortgage payment is "&amp#27;[0m&amp#27;[32m&amp#27;[1m$5,085&amp#27;[0m&amp#27;[32m"&amp#27;[0m                            &amp#27;[90m# step_definitions.MortgageAndRefinanceSteps.validateMonthlyMortgagePayment(java.lang.String)&amp#27;[0m
20:14:09.853 [main] &amp#27;[0mINFO  step_definitions.LoginSteps - Close the browser&amp#27;[m
]]></system-out>
    <system-err><![CDATA[java.net.MalformedURLException
	at java.base/java.net.URL.<init>(URL.java:679)
	at java.base/java.net.URL.<init>(URL.java:541)
	at java.base/java.net.URL.<init>(URL.java:488)
	at utilities.DriverFactory.lambda$new$0(DriverFactory.java:32)
	at java.base/java.lang.ThreadLocal$SuppliedThreadLocal.initialValue(ThreadLocal.java:305)
	at java.base/java.lang.ThreadLocal.setInitialValue(ThreadLocal.java:195)
	at java.base/java.lang.ThreadLocal.get(ThreadLocal.java:172)
	at utilities.DriverFactory.getDriver(DriverFactory.java:52)
	at step_definitions.Hooks.openBrowser(Hooks.java:16)
	at java.base/jdk.internal.reflect.NativeMethodAccessorImpl.invoke0(Native Method)
	at java.base/jdk.internal.reflect.NativeMethodAccessorImpl.invoke(NativeMethodAccessorImpl.java:62)
	at java.base/jdk.internal.reflect.DelegatingMethodAccessorImpl.invoke(DelegatingMethodAccessorImpl.java:43)
	at java.base/java.lang.reflect.Method.invoke(Method.java:566)
	at io.cucumber.java.Invoker.doInvoke(Invoker.java:66)
	at io.cucumber.java.Invoker.invoke(Invoker.java:24)
	at io.cucumber.java.AbstractGlueDefinition.invokeMethod(AbstractGlueDefinition.java:47)
	at io.cucumber.java.JavaHookDefinition.execute(JavaHookDefinition.java:64)
	at io.cucumber.core.runner.CoreHookDefinition.execute(CoreHookDefinition.java:46)
	at io.cucumber.core.runner.HookDefinitionMatch.runStep(HookDefinitionMatch.java:21)
	at io.cucumber.core.runner.ExecutionMode$1.execute(ExecutionMode.java:10)
	at io.cucumber.core.runner.TestStep.executeStep(TestStep.java:86)
	at io.cucumber.core.runner.TestStep.run(TestStep.java:57)
	at io.cucumber.core.runner.TestCase.run(TestCase.java:89)
	at io.cucumber.core.runner.Runner.runPickle(Runner.java:75)
	at io.cucumber.junit.PickleRunners$NoStepDescriptions.lambda$run$0(PickleRunners.java:151)
	at io.cucumber.core.runtime.CucumberExecutionContext.lambda$runTestCase$3(CucumberExecutionContext.java:110)
	at io.cucumber.core.runtime.RethrowingThrowableCollector.executeAndThrow(RethrowingThrowableCollector.java:23)
	at io.cucumber.core.runtime.CucumberExecutionContext.runTestCase(CucumberExecutionContext.java:110)
	at io.cucumber.junit.PickleRunners$NoStepDescriptions.run(PickleRunners.java:148)
	at io.cucumber.junit.FeatureRunner.runChild(FeatureRunner.java:144)
	at io.cucumber.junit.FeatureRunner.runChild(FeatureRunner.java:28)
	at org.junit.runners.ParentRunner$4.run(ParentRunner.java:331)
	at org.junit.runners.ParentRunner$1.schedule(ParentRunner.java:79)
	at org.junit.runners.ParentRunner.runChildren(ParentRunner.java:329)
	at org.junit.runners.ParentRunner.access$100(ParentRunner.java:66)
	at org.junit.runners.ParentRunner$2.evaluate(ParentRunner.java:293)
	at org.junit.runners.ParentRunner$3.evaluate(ParentRunner.java:306)
	at org.junit.runners.ParentRunner.run(ParentRunner.java:413)
	at io.cucumber.junit.FeatureRunner.run(FeatureRunner.java:137)
	at io.cucumber.junit.Cucumber.runChild(Cucumber.java:196)
	at io.cucumber.junit.Cucumber.runChild(Cucumber.java:89)
	at org.junit.runners.ParentRunner$4.run(ParentRunner.java:331)
	at org.junit.runners.ParentRunner$1.schedule(ParentRunner.java:79)
	at org.junit.runners.ParentRunner.runChildren(ParentRunner.java:329)
	at org.junit.runners.ParentRunner.access$100(ParentRunner.java:66)
	at org.junit.runners.ParentRunner$2.evaluate(ParentRunner.java:293)
	at io.cucumber.junit.Cucumber$RunBeforeAllHooks.evaluate(Cucumber.java:266)
	at io.cucumber.junit.Cucumber$RunAfterAllHooks.evaluate(Cucumber.java:281)
	at io.cucumber.junit.Cucumber$StartTestRun.evaluate(Cucumber.java:233)
	at io.cucumber.junit.Cucumber$FinishTestRun.evaluate(Cucumber.java:248)
	at org.junit.runners.ParentRunner$3.evaluate(ParentRunner.java:306)
	at org.junit.runners.ParentRunner.run(ParentRunner.java:413)
	at org.junit.runner.JUnitCore.run(JUnitCore.java:137)
	at org.junit.runner.JUnitCore.run(JUnitCore.java:115)
	at org.junit.vintage.engine.execution.RunnerExecutor.execute(RunnerExecutor.java:42)
	at org.junit.vintage.engine.VintageTestEngine.executeAllChildren(VintageTestEngine.java:80)
	at org.junit.vintage.engine.VintageTestEngine.execute(VintageTestEngine.java:72)
	at org.junit.platform.launcher.core.EngineExecutionOrchestrator.execute(EngineExecutionOrchestrator.java:107)
	at org.junit.platform.launcher.core.EngineExecutionOrchestrator.execute(EngineExecutionOrchestrator.java:88)
	at org.junit.platform.launcher.core.EngineExecutionOrchestrator.lambda$execute$0(EngineExecutionOrchestrator.java:54)
	at org.junit.platform.launcher.core.EngineExecutionOrchestrator.withInterceptedStreams(EngineExecutionOrchestrator.java:67)
	at org.junit.platform.launcher.core.EngineExecutionOrchestrator.execute(EngineExecutionOrchestrator.java:52)
	at org.junit.platform.launcher.core.DefaultLauncher.execute(DefaultLauncher.java:114)
	at org.junit.platform.launcher.core.DefaultLauncher.execute(DefaultLauncher.java:86)
	at org.junit.platform.launcher.core.DefaultLauncherSession$DelegatingLauncher.execute(DefaultLauncherSession.java:86)
	at org.junit.platform.launcher.core.SessionPerRequestLauncher.execute(SessionPerRequestLauncher.java:53)
	at org.apache.maven.surefire.junitplatform.JUnitPlatformProvider.execute(JUnitPlatformProvider.java:188)
	at org.apache.maven.surefire.junitplatform.JUnitPlatformProvider.invokeAllTests(JUnitPlatformProvider.java:154)
	at org.apache.maven.surefire.junitplatform.JUnitPlatformProvider.invoke(JUnitPlatformProvider.java:128)
	at org.apache.maven.surefire.booter.ForkedBooter.runSuitesInProcess(ForkedBooter.java:428)
	at org.apache.maven.surefire.booter.ForkedBooter.execute(ForkedBooter.java:162)
	at org.apache.maven.surefire.booter.ForkedBooter.run(ForkedBooter.java:562)
	at org.apache.maven.surefire.booter.ForkedBooter.main(ForkedBooter.java:548)
Caused by: java.lang.NullPointerException
1641777234172	geckodriver	INFO	Listening on 127.0.0.1:60143
1641777234198	mozrunner::runner	INFO	Running command: "/Applications/Firefox.app/Contents/MacOS/firefox-bin" "--marionette" "--remote-debugging-port" "52757" "-foreground" "-no-remote" "-profile" "/var/folders/qp/1yxjd8ds0dl181sb3tjn3mnc0000gn/T/rust_mozprofileKVaRwG"
1641777234633	Marionette	INFO	Marionette enabled
2022-01-09 20:13:55.361 firefox-bin[3275:102120] Warning: Expected min height of view: (<NSButton: 0x1297ea000>) to be less than or equal to 30 but got a height of 32.000000. This error will be logged once per view in violation.
2022-01-09 20:13:55.362 firefox-bin[3275:102120] Warning: Expected min height of view: (<NSButton: 0x129a16800>) to be less than or equal to 30 but got a height of 32.000000. This error will be logged once per view in violation.
2022-01-09 20:13:55.363 firefox-bin[3275:102120] Warning: Expected min height of view: (<NSButton: 0x129a12400>) to be less than or equal to 30 but got a height of 32.000000. This error will be logged once per view in violation.
2022-01-09 20:13:55.363 firefox-bin[3275:102120] Warning: Expected min height of view: (<NSButton: 0x129a14c00>) to be less than or equal to 30 but got a height of 32.000000. This error will be logged once per view in violation.
2022-01-09 20:13:55.364 firefox-bin[3275:102120] Warning: Expected min height of view: (<NSButton: 0x129a17400>) to be less than or equal to 30 but got a height of 32.000000. This error will be logged once per view in violation.
2022-01-09 20:13:55.365 firefox-bin[3275:102120] Warning: Expected min height of view: (<NSPopoverTouchBarItemButton: 0x129a16000>) to be less than or equal to 30 but got a height of 32.000000. This error will be logged once per view in violation.
2022-01-09 20:13:55.365 firefox-bin[3275:102120] Warning: Expected min height of view: (<NSPopoverTouchBarItemButton: 0x12240f800>) to be less than or equal to 30 but got a height of 32.000000. This error will be logged once per view in violation.
console.warn: SearchSettings: "get: No settings file exists, new profile?" (new NotFoundError("Could not open the file at /var/folders/qp/1yxjd8ds0dl181sb3tjn3mnc0000gn/T/rust_mozprofileKVaRwG/search.json.mozlz4", (void 0)))
console.error: BackgroundUpdate: 
  _reasonsToNotScheduleUpdates: Failed to check for Maintenance Service Registry Key: [Exception... "Component returned failure code: 0x80004001 (NS_ERROR_NOT_IMPLEMENTED) [nsIUpdateProcessor.getServiceRegKeyExists]"  nsresult: "0x80004001 (NS_ERROR_NOT_IMPLEMENTED)"  location: "JS frame :: resource://gre/modules/BackgroundUpdate.jsm :: _reasonsToNotScheduleUpdates :: line 243"  data: no]
DevTools listening on ws://localhost:52757/devtools/browser/d99a500d-aaeb-4e94-ae7c-ccdb0d8c6f72
1641777236559	Marionette	INFO	Listening on port 63818
1641777236599	RemoteAgent	WARN	TLS certificate errors will be ignored for this session
Jan 09, 2022 8:13:56 PM org.openqa.selenium.remote.ProtocolHandshake createSession
INFO: Detected dialect: W3C
JavaScript warning: https://pagead2.googlesyndication.com/bg/94IealOMwR7kxf6jS-jGG0uIjJYzj28NIr5mtVGcdhU.js line 1 > eval line 6049 > eval, line 1: WEBGL_debug_renderer_info is deprecated in Firefox and will be removed. Please use RENDERER.
JavaScript error: , line 0: TypeError: NetworkError when attempting to fetch resource.
JavaScript error: resource://gre/modules/XULStore.jsm, line 66: Error: Can't find profile directory.
JavaScript error: resource://gre/modules/XULStore.jsm, line 66: Error: Can't find profile directory.
JavaScript warning: https://static-mortgage.rdc.moveaws.com/_next/static/chunks/pages/_app-39e4992e16821dfb954d.js, line 1: unreachable code after return statement
JavaScript warning: https://static-mortgage.rdc.moveaws.com/_next/static/chunks/pages/_app-39e4992e16821dfb954d.js, line 1: unreachable code after return statement
JavaScript warning: https://static-mortgage.rdc.moveaws.com/_next/static/chunks/pages/_app-39e4992e16821dfb954d.js, line 1: unreachable code after return statement
1641777249022	Marionette	INFO	Stopped listening on port 63818

###!!! [Child][RunMessage] Error: Channel closing: too late to send/recv, messages will be lost


###!!! [Parent][RunMessage] Error: Channel closing: too late to send/recv, messages will be lost

]]></system-err>
  </testcase>
  <testcase name="Calculate new monthly payment after refinancing" classname="Mortgage Calculator &amp; Refinance Calculator" time="13.017">
    <system-out><![CDATA[
Scenario: Calculate new monthly payment after refinancing                   &amp#27;[90m# src/test/resources/Features/mortgage.feature:12&amp#27;[0m
20:14:12.249 [main] &amp#27;[0mINFO  step_definitions.LoginSteps - launch the browser&amp#27;[m
  &amp#27;[32mGiven &amp#27;[0m&amp#27;[32muser is in the realtor home page for searching refinance calculator&amp#27;[0m &amp#27;[90m# step_definitions.MortgageAndRefinanceSteps.navigateToHomePage()&amp#27;[0m
  &amp#27;[32mAnd &amp#27;[0m&amp#27;[32muser navigate to refinance page&amp#27;[0m                                       &amp#27;[90m# step_definitions.MortgageAndRefinanceSteps.navigateToRefinanceCalculatorPage()&amp#27;[0m
  &amp#27;[32mWhen &amp#27;[0m&amp#27;[32muser can see the new monthly payment upon entering the data&amp#27;[0m          &amp#27;[90m# step_definitions.MortgageAndRefinanceSteps.newMonthlyPayment(io.cucumber.datatable.DataTable)&amp#27;[0m
    | OriginalLoanAmount | OriginalLoanRate | CurrentBalance | NewLoanRate |
    | 500000             | 4                | 305000         | 3.420       |
  &amp#27;[32mThen &amp#27;[0m&amp#27;[32mThe new monthly payment after refinancing is "&amp#27;[0m&amp#27;[32m&amp#27;[1m1,056&amp#27;[0m&amp#27;[32m"&amp#27;[0m                 &amp#27;[90m# step_definitions.MortgageAndRefinanceSteps.validateNewMonthlyPayment(java.lang.String)&amp#27;[0m
20:14:22.870 [main] &amp#27;[0mINFO  step_definitions.LoginSteps - Close the browser&amp#27;[m
]]></system-out>
    <system-err><![CDATA[java.net.MalformedURLException
	at java.base/java.net.URL.<init>(URL.java:679)
	at java.base/java.net.URL.<init>(URL.java:541)
	at java.base/java.net.URL.<init>(URL.java:488)
	at utilities.DriverFactory.lambda$new$0(DriverFactory.java:32)
	at java.base/java.lang.ThreadLocal$SuppliedThreadLocal.initialValue(ThreadLocal.java:305)
	at java.base/java.lang.ThreadLocal.setInitialValue(ThreadLocal.java:195)
	at java.base/java.lang.ThreadLocal.get(ThreadLocal.java:172)
	at utilities.DriverFactory.getDriver(DriverFactory.java:52)
	at step_definitions.Hooks.openBrowser(Hooks.java:16)
	at java.base/jdk.internal.reflect.NativeMethodAccessorImpl.invoke0(Native Method)
	at java.base/jdk.internal.reflect.NativeMethodAccessorImpl.invoke(NativeMethodAccessorImpl.java:62)
	at java.base/jdk.internal.reflect.DelegatingMethodAccessorImpl.invoke(DelegatingMethodAccessorImpl.java:43)
	at java.base/java.lang.reflect.Method.invoke(Method.java:566)
	at io.cucumber.java.Invoker.doInvoke(Invoker.java:66)
	at io.cucumber.java.Invoker.invoke(Invoker.java:24)
	at io.cucumber.java.AbstractGlueDefinition.invokeMethod(AbstractGlueDefinition.java:47)
	at io.cucumber.java.JavaHookDefinition.execute(JavaHookDefinition.java:64)
	at io.cucumber.core.runner.CoreHookDefinition.execute(CoreHookDefinition.java:46)
	at io.cucumber.core.runner.HookDefinitionMatch.runStep(HookDefinitionMatch.java:21)
	at io.cucumber.core.runner.ExecutionMode$1.execute(ExecutionMode.java:10)
	at io.cucumber.core.runner.TestStep.executeStep(TestStep.java:86)
	at io.cucumber.core.runner.TestStep.run(TestStep.java:57)
	at io.cucumber.core.runner.TestCase.run(TestCase.java:89)
	at io.cucumber.core.runner.Runner.runPickle(Runner.java:75)
	at io.cucumber.junit.PickleRunners$NoStepDescriptions.lambda$run$0(PickleRunners.java:151)
	at io.cucumber.core.runtime.CucumberExecutionContext.lambda$runTestCase$3(CucumberExecutionContext.java:110)
	at io.cucumber.core.runtime.RethrowingThrowableCollector.executeAndThrow(RethrowingThrowableCollector.java:23)
	at io.cucumber.core.runtime.CucumberExecutionContext.runTestCase(CucumberExecutionContext.java:110)
	at io.cucumber.junit.PickleRunners$NoStepDescriptions.run(PickleRunners.java:148)
	at io.cucumber.junit.FeatureRunner.runChild(FeatureRunner.java:144)
	at io.cucumber.junit.FeatureRunner.runChild(FeatureRunner.java:28)
	at org.junit.runners.ParentRunner$4.run(ParentRunner.java:331)
	at org.junit.runners.ParentRunner$1.schedule(ParentRunner.java:79)
	at org.junit.runners.ParentRunner.runChildren(ParentRunner.java:329)
	at org.junit.runners.ParentRunner.access$100(ParentRunner.java:66)
	at org.junit.runners.ParentRunner$2.evaluate(ParentRunner.java:293)
	at org.junit.runners.ParentRunner$3.evaluate(ParentRunner.java:306)
	at org.junit.runners.ParentRunner.run(ParentRunner.java:413)
	at io.cucumber.junit.FeatureRunner.run(FeatureRunner.java:137)
	at io.cucumber.junit.Cucumber.runChild(Cucumber.java:196)
	at io.cucumber.junit.Cucumber.runChild(Cucumber.java:89)
	at org.junit.runners.ParentRunner$4.run(ParentRunner.java:331)
	at org.junit.runners.ParentRunner$1.schedule(ParentRunner.java:79)
	at org.junit.runners.ParentRunner.runChildren(ParentRunner.java:329)
	at org.junit.runners.ParentRunner.access$100(ParentRunner.java:66)
	at org.junit.runners.ParentRunner$2.evaluate(ParentRunner.java:293)
	at io.cucumber.junit.Cucumber$RunBeforeAllHooks.evaluate(Cucumber.java:266)
	at io.cucumber.junit.Cucumber$RunAfterAllHooks.evaluate(Cucumber.java:281)
	at io.cucumber.junit.Cucumber$StartTestRun.evaluate(Cucumber.java:233)
	at io.cucumber.junit.Cucumber$FinishTestRun.evaluate(Cucumber.java:248)
	at org.junit.runners.ParentRunner$3.evaluate(ParentRunner.java:306)
	at org.junit.runners.ParentRunner.run(ParentRunner.java:413)
	at org.junit.runner.JUnitCore.run(JUnitCore.java:137)
	at org.junit.runner.JUnitCore.run(JUnitCore.java:115)
	at org.junit.vintage.engine.execution.RunnerExecutor.execute(RunnerExecutor.java:42)
	at org.junit.vintage.engine.VintageTestEngine.executeAllChildren(VintageTestEngine.java:80)
	at org.junit.vintage.engine.VintageTestEngine.execute(VintageTestEngine.java:72)
	at org.junit.platform.launcher.core.EngineExecutionOrchestrator.execute(EngineExecutionOrchestrator.java:107)
	at org.junit.platform.launcher.core.EngineExecutionOrchestrator.execute(EngineExecutionOrchestrator.java:88)
	at org.junit.platform.launcher.core.EngineExecutionOrchestrator.lambda$execute$0(EngineExecutionOrchestrator.java:54)
	at org.junit.platform.launcher.core.EngineExecutionOrchestrator.withInterceptedStreams(EngineExecutionOrchestrator.java:67)
	at org.junit.platform.launcher.core.EngineExecutionOrchestrator.execute(EngineExecutionOrchestrator.java:52)
	at org.junit.platform.launcher.core.DefaultLauncher.execute(DefaultLauncher.java:114)
	at org.junit.platform.launcher.core.DefaultLauncher.execute(DefaultLauncher.java:86)
	at org.junit.platform.launcher.core.DefaultLauncherSession$DelegatingLauncher.execute(DefaultLauncherSession.java:86)
	at org.junit.platform.launcher.core.SessionPerRequestLauncher.execute(SessionPerRequestLauncher.java:53)
	at org.apache.maven.surefire.junitplatform.JUnitPlatformProvider.execute(JUnitPlatformProvider.java:188)
	at org.apache.maven.surefire.junitplatform.JUnitPlatformProvider.invokeAllTests(JUnitPlatformProvider.java:154)
	at org.apache.maven.surefire.junitplatform.JUnitPlatformProvider.invoke(JUnitPlatformProvider.java:128)
	at org.apache.maven.surefire.booter.ForkedBooter.runSuitesInProcess(ForkedBooter.java:428)
	at org.apache.maven.surefire.booter.ForkedBooter.execute(ForkedBooter.java:162)
	at org.apache.maven.surefire.booter.ForkedBooter.run(ForkedBooter.java:562)
	at org.apache.maven.surefire.booter.ForkedBooter.main(ForkedBooter.java:548)
Caused by: java.lang.NullPointerException
1641777249888	geckodriver	INFO	Listening on 127.0.0.1:61737
1641777250023	mozrunner::runner	INFO	Running command: "/Applications/Firefox.app/Contents/MacOS/firefox-bin" "--marionette" "--remote-debugging-port" "62263" "-foreground" "-no-remote" "-profile" "/var/folders/qp/1yxjd8ds0dl181sb3tjn3mnc0000gn/T/rust_mozprofile6L87Gf"
1641777250501	Marionette	INFO	Marionette enabled
console.warn: SearchSettings: "get: No settings file exists, new profile?" (new NotFoundError("Could not open the file at /var/folders/qp/1yxjd8ds0dl181sb3tjn3mnc0000gn/T/rust_mozprofile6L87Gf/search.json.mozlz4", (void 0)))
console.error: BackgroundUpdate: 
  _reasonsToNotScheduleUpdates: Failed to check for Maintenance Service Registry Key: [Exception... "Component returned failure code: 0x80004001 (NS_ERROR_NOT_IMPLEMENTED) [nsIUpdateProcessor.getServiceRegKeyExists]"  nsresult: "0x80004001 (NS_ERROR_NOT_IMPLEMENTED)"  location: "JS frame :: resource://gre/modules/BackgroundUpdate.jsm :: _reasonsToNotScheduleUpdates :: line 243"  data: no]
DevTools listening on ws://localhost:62263/devtools/browser/3d2a817d-ae5d-448a-a700-13b6111b548a
1641777252160	Marionette	INFO	Listening on port 64156
1641777252216	RemoteAgent	WARN	TLS certificate errors will be ignored for this session
Jan 09, 2022 8:14:12 PM org.openqa.selenium.remote.ProtocolHandshake createSession
INFO: Detected dialect: W3C
JavaScript warning: https://pagead2.googlesyndication.com/bg/94IealOMwR7kxf6jS-jGG0uIjJYzj28NIr5mtVGcdhU.js line 1 > eval line 4779 > eval line 1 > eval, line 1: WEBGL_debug_renderer_info is deprecated in Firefox and will be removed. Please use RENDERER.
JavaScript warning: https://static-mortgage.rdc.moveaws.com/_next/static/chunks/pages/_app-39e4992e16821dfb954d.js, line 1: unreachable code after return statement
JavaScript warning: https://static-mortgage.rdc.moveaws.com/_next/static/chunks/pages/_app-39e4992e16821dfb954d.js, line 1: unreachable code after return statement
JavaScript warning: https://static-mortgage.rdc.moveaws.com/_next/static/chunks/pages/_app-39e4992e16821dfb954d.js, line 1: unreachable code after return statement
1641777262075	Marionette	INFO	Stopped listening on port 64156

###!!! [Parent][RunMessage] Error: Channel closing: too late to send/recv, messages will be lost

]]></system-err>
  </testcase>
  <testcase name="Search all rental home in Queens, NY" classname="Rental Functionality" time="19.716">
    <system-out><![CDATA[
Scenario: Search all rental home in Queens, NY                               &amp#27;[90m# src/test/resources/Features/rent.feature:4&amp#27;[0m
20:14:25.393 [main] &amp#27;[0mINFO  step_definitions.LoginSteps - launch the browser&amp#27;[m
  &amp#27;[32mGiven &amp#27;[0m&amp#27;[32muser is in the realtor home page for searching home for rent&amp#27;[0m         &amp#27;[90m# step_definitions.RentSteps.navigateToHomePageForRent()&amp#27;[0m
  &amp#27;[32mAnd &amp#27;[0m&amp#27;[32muser navigate to rent page&amp#27;[0m                                             &amp#27;[90m# step_definitions.RentSteps.navigateToRentPage()&amp#27;[0m
  &amp#27;[32mWhen &amp#27;[0m&amp#27;[32muser type place "&amp#27;[0m&amp#27;[32m&amp#27;[1mQueens,NY&amp#27;[0m&amp#27;[32m" inside search box and click search button&amp#27;[0m &amp#27;[90m# step_definitions.RentSteps.typeOnSearchBoxAndClickSearchIcon(java.lang.String)&amp#27;[0m
[...]
JavaScript warning: https://www.realtor.com/assets/rentals/prod/90f7027/_next/static/chunks/pages/apartments-cedbbb22bfda68ad5c67.js, line 1: unreachable code after return statement
JavaScript warning: https://www.realtor.com/assets/rentals/prod/90f7027/_next/static/chunks/pages/apartments-cedbbb22bfda68ad5c67.js, line 1: unreachable code after return statement
JavaScript warning: https://www.realtor.com/assets/rentals/prod/90f7027/_next/static/chunks/pages/apartments-cedbbb22bfda68ad5c67.js, line 1: unreachable code after return statement
JavaScript error: https://tagan.adlightning.com/realtor/b-7b120a5-49f1115a.js, line 1: NS_ERROR_NOT_INITIALIZED: 
JavaScript error: , line 0: TypeError: NetworkError when attempting to fetch resource.
JavaScript error: , line 0: TypeError: NetworkError when attempting to fetch resource.
1641777281642	Marionette	INFO	Stopped listening on port 64466
]]></system-err>
  </testcase>
  <testcase name="Searching House by zip code" classname="Searching Functionality" time="15.503">
    <system-out><![CDATA[
Scenario: Searching House by zip code                                          &amp#27;[90m# src/test/resources/Features/searching.feature:4&amp#27;[0m
20:14:45.317 [main] &amp#27;[0mINFO  step_definitions.LoginSteps - launch the browser&amp#27;[m
  &amp#27;[32mGiven &amp#27;[0m&amp#27;[32muser is in home page for searching house&amp#27;[0m                               &amp#27;[90m# step_definitions.SortingSteps.navigateToHomePageForSearch()&amp#27;[0m
  &amp#27;[32mWhen &amp#27;[0m&amp#27;[32muser enter zip code "&amp#27;[0m&amp#27;[32m&amp#27;[1m11365&amp#27;[0m&amp#27;[32m" on search text box and click on search icon&amp#27;[0m &amp#27;[90m# step_definitions.SortingSteps.clickOnSearchIcon(java.lang.String)&amp#27;[0m
  &amp#27;[32mThen &amp#27;[0m&amp#27;[32muser can see all newest listings home&amp#27;[0m                                   &amp#27;[90m# step_definitions.SortingSteps.validateFamilyHome()&amp#27;[0m
20:14:58.092 [main] &amp#27;[0mINFO  step_definitions.LoginSteps - Close the browser&amp#27;[m
]]></system-out>
    <system-err><![CDATA[java.net.MalformedURLException
	at java.base/java.net.URL.<init>(URL.java:679)
	at java.base/java.net.URL.<init>(URL.java:541)
	at java.base/java.net.URL.<init>(URL.java:488)
	at utilities.DriverFactory.lambda$new$0(DriverFactory.java:32)
	at java.base/java.lang.ThreadLocal$SuppliedThreadLocal.initialValue(ThreadLocal.java:305)
	at java.base/java.lang.ThreadLocal.setInitialValue(ThreadLocal.java:195)
	at java.base/java.lang.ThreadLocal.get(ThreadLocal.java:172)
	at utilities.DriverFactory.getDriver(DriverFactory.java:52)
	at step_definitions.Hooks.openBrowser(Hooks.java:16)
	at java.base/jdk.internal.reflect.NativeMethodAccessorImpl.invoke0(Native Method)
	at java.base/jdk.internal.reflect.NativeMethodAccessorImpl.invoke(NativeMethodAccessorImpl.java:62)
	at java.base/jdk.internal.reflect.DelegatingMethodAccessorImpl.invoke(DelegatingMethodAccessorImpl.java:43)
	at java.base/java.lang.reflect.Method.invoke(Method.java:566)
	at io.cucumber.java.Invoker.doInvoke(Invoker.java:66)
	at io.cucumber.java.Invoker.invoke(Invoker.java:24)
	at io.cucumber.java.AbstractGlueDefinition.invokeMethod(AbstractGlueDefinition.java:47)
	at io.cucumber.java.JavaHookDefinition.execute(JavaHookDefinition.java:64)
	at io.cucumber.core.runner.CoreHookDefinition.execute(CoreHookDefinition.java:46)
	at io.cucumber.core.runner.HookDefinitionMatch.runStep(HookDefinitionMatch.java:21)
	at io.cucumber.core.runner.ExecutionMode$1.execute(ExecutionMode.java:10)
	at io.cucumber.core.runner.TestStep.executeStep(TestStep.java:86)
	at io.cucumber.core.runner.TestStep.run(TestStep.java:57)
	at io.cucumber.core.runner.TestCase.run(TestCase.java:89)
	at io.cucumber.core.runner.Runner.runPickle(Runner.java:75)
	at io.cucumber.junit.PickleRunners$NoStepDescriptions.lambda$run$0(PickleRunners.java:151)
	at io.cucumber.core.runtime.CucumberExecutionContext.lambda$runTestCase$3(CucumberExecutionContext.java:110)
	at io.cucumber.core.runtime.RethrowingThrowableCollector.executeAndThrow(RethrowingThrowableCollector.java:23)
	at io.cucumber.core.runtime.CucumberExecutionContext.runTestCase(CucumberExecutionContext.java:110)
	at io.cucumber.junit.PickleRunners$NoStepDescriptions.run(PickleRunners.java:148)
	at io.cucumber.junit.FeatureRunner.runChild(FeatureRunner.java:144)
	at io.cucumber.junit.FeatureRunner.runChild(FeatureRunner.java:28)
	at org.junit.runners.ParentRunner$4.run(ParentRunner.java:331)
	at org.junit.runners.ParentRunner$1.schedule(ParentRunner.java:79)
	at org.junit.runners.ParentRunner.runChildren(ParentRunner.java:329)
	at org.junit.runners.ParentRunner.access$100(ParentRunner.java:66)
	at org.junit.runners.ParentRunner$2.evaluate(ParentRunner.java:293)
	at org.junit.runners.ParentRunner$3.evaluate(ParentRunner.java:306)
	at org.junit.runners.ParentRunner.run(ParentRunner.java:413)
	at io.cucumber.junit.FeatureRunner.run(FeatureRunner.java:137)
	at io.cucumber.junit.Cucumber.runChild(Cucumber.java:196)
	at io.cucumber.junit.Cucumber.runChild(Cucumber.java:89)
	at org.junit.runners.ParentRunner$4.run(ParentRunner.java:331)
	at org.junit.runners.ParentRunner$1.schedule(ParentRunner.java:79)
	at org.junit.runners.ParentRunner.runChildren(ParentRunner.java:329)
	at org.junit.runners.ParentRunner.access$100(ParentRunner.java:66)
	at org.junit.runners.ParentRunner$2.evaluate(ParentRunner.java:293)
	at io.cucumber.junit.Cucumber$RunBeforeAllHooks.evaluate(Cucumber.java:266)
	at io.cucumber.junit.Cucumber$RunAfterAllHooks.evaluate(Cucumber.java:281)
	at io.cucumber.junit.Cucumber$StartTestRun.evaluate(Cucumber.java:233)
	at io.cucumber.junit.Cucumber$FinishTestRun.evaluate(Cucumber.java:248)
	at org.junit.runners.ParentRunner$3.evaluate(ParentRunner.java:306)
	at org.junit.runners.ParentRunner.run(ParentRunner.java:413)
	at org.junit.runner.JUnitCore.run(JUnitCore.java:137)
	at org.junit.runner.JUnitCore.run(JUnitCore.java:115)
	at org.junit.vintage.engine.execution.RunnerExecutor.execute(RunnerExecutor.java:42)
	at org.junit.vintage.engine.VintageTestEngine.executeAllChildren(VintageTestEngine.java:80)
	at org.junit.vintage.engine.VintageTestEngine.execute(VintageTestEngine.java:72)
	at org.junit.platform.launcher.core.EngineExecutionOrchestrator.execute(EngineExecutionOrchestrator.java:107)
	at org.junit.platform.launcher.core.EngineExecutionOrchestrator.execute(EngineExecutionOrchestrator.java:88)
	at org.junit.platform.launcher.core.EngineExecutionOrchestrator.lambda$execute$0(EngineExecutionOrchestrator.java:54)
	at org.junit.platform.launcher.core.EngineExecutionOrchestrator.withInterceptedStreams(EngineExecutionOrchestrator.java:67)
	at org.junit.platform.launcher.core.EngineExecutionOrchestrator.execute(EngineExecutionOrchestrator.java:52)
	at org.junit.platform.launcher.core.DefaultLauncher.execute(DefaultLauncher.java:114)
	at org.junit.platform.launcher.core.DefaultLauncher.execute(DefaultLauncher.java:86)
	at org.junit.platform.launcher.core.DefaultLauncherSession$DelegatingLauncher.execute(DefaultLauncherSession.java:86)
	at org.junit.platform.launcher.core.SessionPerRequestLauncher.execute(SessionPerRequestLauncher.java:53)
	at org.apache.maven.surefire.junitplatform.JUnitPlatformProvider.execute(JUnitPlatformProvider.java:188)
	at org.apache.maven.surefire.junitplatform.JUnitPlatformProvider.invokeAllTests(JUnitPlatformProvider.java:154)
	at org.apache.maven.surefire.junitplatform.JUnitPlatformProvider.invoke(JUnitPlatformProvider.java:128)
	at org.apache.maven.surefire.booter.ForkedBooter.runSuitesInProcess(ForkedBooter.java:428)
	at org.apache.maven.surefire.booter.ForkedBooter.execute(ForkedBooter.java:162)
	at org.apache.maven.surefire.booter.ForkedBooter.run(ForkedBooter.java:562)
	at org.apache.maven.surefire.booter.ForkedBooter.main(ForkedBooter.java:548)
Caused by: java.lang.NullPointerException
1641777282635	geckodriver	INFO	Listening on 127.0.0.1:55799
1641777282670	mozrunner::runner	INFO	Running command: "/Applications/Firefox.app/Contents/MacOS/firefox-bin" "--marionette" "--remote-debugging-port" "53137" "-foreground" "-no-remote" "-profile" "/var/folders/qp/1yxjd8ds0dl181sb3tjn3mnc0000gn/T/rust_mozprofile0ZCzRT"
1641777283239	Marionette	INFO	Marionette enabled
console.warn: SearchSettings: "get: No settings file exists, new profile?" (new NotFoundError("Could not open the file at /var/folders/qp/1yxjd8ds0dl181sb3tjn3mnc0000gn/T/rust_mozprofile0ZCzRT/search.json.mozlz4", (void 0)))
console.error: BackgroundUpdate: 
  _reasonsToNotScheduleUpdates: Failed to check for Maintenance Service Registry Key: [Exception... "Component returned failure code: 0x80004001 (NS_ERROR_NOT_IMPLEMENTED) [nsIUpdateProcessor.getServiceRegKeyExists]"  nsresult: "0x80004001 (NS_ERROR_NOT_IMPLEMENTED)"  location: "JS frame :: resource://gre/modules/BackgroundUpdate.jsm :: _reasonsToNotScheduleUpdates :: line 243"  data: no]
DevTools listening on ws://localhost:53137/devtools/browser/060ccef1-ae5c-4451-9a4f-6638dcd05af2
1641777285212	Marionette	INFO	Listening on port 64849
1641777285279	RemoteAgent	WARN	TLS certificate errors will be ignored for this session
Jan 09, 2022 8:14:45 PM org.openqa.selenium.remote.ProtocolHandshake createSession
INFO: Detected dialect: W3C
JavaScript warning: https://pagead2.googlesyndication.com/bg/94IealOMwR7kxf6jS-jGG0uIjJYzj28NIr5mtVGcdhU.js line 1 > eval line 7172 > eval line 1 > eval, line 1: WEBGL_debug_renderer_info is deprecated in Firefox and will be removed. Please use RENDERER.
JavaScript warning: https://pagead2.googlesyndication.com/bg/94IealOMwR7kxf6jS-jGG0uIjJYzj28NIr5mtVGcdhU.js line 1 > eval line 2625 > eval, line 1: WEBGL_debug_renderer_info is deprecated in Firefox and will be removed. Please use RENDERER.
1641777295081	Marionette	INFO	Stopped listening on port 64849
JavaScript warning: https://www.realtor.com/assets/prod/91a475a/_next/static/chunks/commons.9c00600bc8620bdbc3dc.js, line 1: unreachable code after return statement
JavaScript warning: https://www.realtor.com/assets/prod/91a475a/_next/static/chunks/commons.9c00600bc8620bdbc3dc.js, line 1: unreachable code after return statement
JavaScript warning: https://www.realtor.com/assets/prod/91a475a/_next/static/chunks/commons.9c00600bc8620bdbc3dc.js, line 1: unreachable code after return statement

###!!! [Parent][RunMessage] Error: Channel closing: too late to send/recv, messages will be lost

]]></system-err>
  </testcase>
  <testcase name="Sorting Bed Room" classname="Searching Functionality" time="19.439">
    <system-out><![CDATA[
Scenario: Sorting Bed Room                                                     &amp#27;[90m# src/test/resources/Features/searching.feature:8&amp#27;[0m
20:15:00.477 [main] &amp#27;[0mINFO  step_definitions.LoginSteps - launch the browser&amp#27;[m
  &amp#27;[32mGiven &amp#27;[0m&amp#27;[32muser is in home page for searching house&amp#27;[0m                               &amp#27;[90m# step_definitions.SortingSteps.navigateToHomePageForSearch()&amp#27;[0m
  &amp#27;[32mWhen &amp#27;[0m&amp#27;[32muser enter zip code "&amp#27;[0m&amp#27;[32m&amp#27;[1m11423&amp#27;[0m&amp#27;[32m" on search text box and click on search icon&amp#27;[0m &amp#27;[90m# step_definitions.SortingSteps.clickOnSearchIcon(java.lang.String)&amp#27;[0m
  &amp#27;[32mAnd &amp#27;[0m&amp#27;[32muser click on bed tab and select 3 bedroom&amp#27;[0m                               &amp#27;[90m# step_definitions.SortingSteps.clickOnBedTab()&amp#27;[0m
  &amp#27;[32mThen &amp#27;[0m&amp#27;[32muser can see home with 3 bedroom&amp#27;[0m                                        &amp#27;[90m# step_definitions.SortingSteps.validateThreeBedFamilyHome()&amp#27;[0m
20:15:17.532 [main] &amp#27;[0mINFO  step_definitions.LoginSteps - Close the browser&amp#27;[m
]]></system-out>
    <system-err><![CDATA[java.net.MalformedURLException
	at java.base/java.net.URL.<init>(URL.java:679)
	at java.base/java.net.URL.<init>(URL.java:541)
	at java.base/java.net.URL.<init>(URL.java:488)
	at utilities.DriverFactory.lambda$new$0(DriverFactory.java:32)
	at java.base/java.lang.ThreadLocal$SuppliedThreadLocal.initialValue(ThreadLocal.java:305)
	at java.base/java.lang.ThreadLocal.setInitialValue(ThreadLocal.java:195)
	at java.base/java.lang.ThreadLocal.get(ThreadLocal.java:172)
	at utilities.DriverFactory.getDriver(DriverFactory.java:52)
	at step_definitions.Hooks.openBrowser(Hooks.java:16)
	at java.base/jdk.internal.reflect.NativeMethodAccessorImpl.invoke0(Native Method)
	at java.base/jdk.internal.reflect.NativeMethodAccessorImpl.invoke(NativeMethodAccessorImpl.java:62)
	at java.base/jdk.internal.reflect.DelegatingMethodAccessorImpl.invoke(DelegatingMethodAccessorImpl.java:43)
	at java.base/java.lang.reflect.Method.invoke(Method.java:566)
	at io.cucumber.java.Invoker.doInvoke(Invoker.java:66)
	at io.cucumber.java.Invoker.invoke(Invoker.java:24)
	at io.cucumber.java.AbstractGlueDefinition.invokeMethod(AbstractGlueDefinition.java:47)
	at io.cucumber.java.JavaHookDefinition.execute(JavaHookDefinition.java:64)
	at io.cucumber.core.runner.CoreHookDefinition.execute(CoreHookDefinition.java:46)
	at io.cucumber.core.runner.HookDefinitionMatch.runStep(HookDefinitionMatch.java:21)
	at io.cucumber.core.runner.ExecutionMode$1.execute(ExecutionMode.java:10)
	at io.cucumber.core.runner.TestStep.executeStep(TestStep.java:86)
	at io.cucumber.core.runner.TestStep.run(TestStep.java:57)
	at io.cucumber.core.runner.TestCase.run(TestCase.java:89)
	at io.cucumber.core.runner.Runner.runPickle(Runner.java:75)
	at io.cucumber.junit.PickleRunners$NoStepDescriptions.lambda$run$0(PickleRunners.java:151)
	at io.cucumber.core.runtime.CucumberExecutionContext.lambda$runTestCase$3(CucumberExecutionContext.java:110)
	at io.cucumber.core.runtime.RethrowingThrowableCollector.executeAndThrow(RethrowingThrowableCollector.java:23)
	at io.cucumber.core.runtime.CucumberExecutionContext.runTestCase(CucumberExecutionContext.java:110)
	at io.cucumber.junit.PickleRunners$NoStepDescriptions.run(PickleRunners.java:148)
	at io.cucumber.junit.FeatureRunner.runChild(FeatureRunner.java:144)
	at io.cucumber.junit.FeatureRunner.runChild(FeatureRunner.java:28)
	at org.junit.runners.ParentRunner$4.run(ParentRunner.java:331)
	at org.junit.runners.ParentRunner$1.schedule(ParentRunner.java:79)
	at org.junit.runners.ParentRunner.runChildren(ParentRunner.java:329)
	at org.junit.runners.ParentRunner.access$100(ParentRunner.java:66)
	at org.junit.runners.ParentRunner$2.evaluate(ParentRunner.java:293)
	at org.junit.runners.ParentRunner$3.evaluate(ParentRunner.java:306)
	at org.junit.runners.ParentRunner.run(ParentRunner.java:413)
	at io.cucumber.junit.FeatureRunner.run(FeatureRunner.java:137)
	at io.cucumber.junit.Cucumber.runChild(Cucumber.java:196)
	at io.cucumber.junit.Cucumber.runChild(Cucumber.java:89)
	at org.junit.runners.ParentRunner$4.run(ParentRunner.java:331)
	at org.junit.runners.ParentRunner$1.schedule(ParentRunner.java:79)
	at org.junit.runners.ParentRunner.runChildren(ParentRunner.java:329)
	at org.junit.runners.ParentRunner.access$100(ParentRunner.java:66)
	at org.junit.runners.ParentRunner$2.evaluate(ParentRunner.java:293)
	at io.cucumber.junit.Cucumber$RunBeforeAllHooks.evaluate(Cucumber.java:266)
	at io.cucumber.junit.Cucumber$RunAfterAllHooks.evaluate(Cucumber.java:281)
	at io.cucumber.junit.Cucumber$StartTestRun.evaluate(Cucumber.java:233)
	at io.cucumber.junit.Cucumber$FinishTestRun.evaluate(Cucumber.java:248)
	at org.junit.runners.ParentRunner$3.evaluate(ParentRunner.java:306)
	at org.junit.runners.ParentRunner.run(ParentRunner.java:413)
	at org.junit.runner.JUnitCore.run(JUnitCore.java:137)
	at org.junit.runner.JUnitCore.run(JUnitCore.java:115)
	at org.junit.vintage.engine.execution.RunnerExecutor.execute(RunnerExecutor.java:42)
	at org.junit.vintage.engine.VintageTestEngine.executeAllChildren(VintageTestEngine.java:80)
	at org.junit.vintage.engine.VintageTestEngine.execute(VintageTestEngine.java:72)
	at org.junit.platform.launcher.core.EngineExecutionOrchestrator.execute(EngineExecutionOrchestrator.java:107)
	at org.junit.platform.launcher.core.EngineExecutionOrchestrator.execute(EngineExecutionOrchestrator.java:88)
	at org.junit.platform.launcher.core.EngineExecutionOrchestrator.lambda$execute$0(EngineExecutionOrchestrator.java:54)
	at org.junit.platform.launcher.core.EngineExecutionOrchestrator.withInterceptedStreams(EngineExecutionOrchestrator.java:67)
	at org.junit.platform.launcher.core.EngineExecutionOrchestrator.execute(EngineExecutionOrchestrator.java:52)
	at org.junit.platform.launcher.core.DefaultLauncher.execute(DefaultLauncher.java:114)
	at org.junit.platform.launcher.core.DefaultLauncher.execute(DefaultLauncher.java:86)
	at org.junit.platform.launcher.core.DefaultLauncherSession$DelegatingLauncher.execute(DefaultLauncherSession.java:86)
	at org.junit.platform.launcher.core.SessionPerRequestLauncher.execute(SessionPerRequestLauncher.java:53)
	at org.apache.maven.surefire.junitplatform.JUnitPlatformProvider.execute(JUnitPlatformProvider.java:188)
	at org.apache.maven.surefire.junitplatform.JUnitPlatformProvider.invokeAllTests(JUnitPlatformProvider.java:154)
	at org.apache.maven.surefire.junitplatform.JUnitPlatformProvider.invoke(JUnitPlatformProvider.java:128)
	at org.apache.maven.surefire.booter.ForkedBooter.runSuitesInProcess(ForkedBooter.java:428)
	at org.apache.maven.surefire.booter.ForkedBooter.execute(ForkedBooter.java:162)
	at org.apache.maven.surefire.booter.ForkedBooter.run(ForkedBooter.java:562)
	at org.apache.maven.surefire.booter.ForkedBooter.main(ForkedBooter.java:548)
Caused by: java.lang.NullPointerException
1641777298123	geckodriver	INFO	Listening on 127.0.0.1:56158
1641777298150	mozrunner::runner	INFO	Running command: "/Applications/Firefox.app/Contents/MacOS/firefox-bin" "--marionette" "--remote-debugging-port" "55125" "-foreground" "-no-remote" "-profile" "/var/folders/qp/1yxjd8ds0dl181sb3tjn3mnc0000gn/T/rust_mozprofileinKHjv"
1641777298612	Marionette	INFO	Marionette enabled
console.warn: SearchSettings: "get: No settings file exists, new profile?" (new NotFoundError("Could not open the file at /var/folders/qp/1yxjd8ds0dl181sb3tjn3mnc0000gn/T/rust_mozprofileinKHjv/search.json.mozlz4", (void 0)))
console.error: BackgroundUpdate: 
  _reasonsToNotScheduleUpdates: Failed to check for Maintenance Service Registry Key: [Exception... "Component returned failure code: 0x80004001 (NS_ERROR_NOT_IMPLEMENTED) [nsIUpdateProcessor.getServiceRegKeyExists]"  nsresult: "0x80004001 (NS_ERROR_NOT_IMPLEMENTED)"  location: "JS frame :: resource://gre/modules/BackgroundUpdate.jsm :: _reasonsToNotScheduleUpdates :: line 243"  data: no]
DevTools listening on ws://localhost:55125/devtools/browser/a3713214-7030-4b33-b58a-12b7ceae5c68
1641777300407	Marionette	INFO	Listening on port 65182
1641777300445	RemoteAgent	WARN	TLS certificate errors will be ignored for this session
Jan 09, 2022 8:15:00 PM org.openqa.selenium.remote.ProtocolHandshake createSession
INFO: Detected dialect: W3C
JavaScript warning: https://pagead2.googlesyndication.com/bg/94IealOMwR7kxf6jS-jGG0uIjJYzj28NIr5mtVGcdhU.js line 1 > eval line 209 > eval line 1 > eval, line 1: WEBGL_debug_renderer_info is deprecated in Firefox and will be removed. Please use RENDERER.
JavaScript warning: https://www.realtor.com/assets/prod/91a475a/_next/static/chunks/commons.9c00600bc8620bdbc3dc.js, line 1: unreachable code after return statement
JavaScript warning: https://www.realtor.com/assets/prod/91a475a/_next/static/chunks/commons.9c00600bc8620bdbc3dc.js, line 1: unreachable code after return statement
JavaScript warning: https://www.realtor.com/assets/prod/91a475a/_next/static/chunks/commons.9c00600bc8620bdbc3dc.js, line 1: unreachable code after return statement
1641777316766	Marionette	INFO	Stopped listening on port 65182

###!!! [Parent][RunMessage] Error: Channel closing: too late to send/recv, messages will be lost

]]></system-err>
  </testcase>
</testsuite>